2024-08-31 17:26:46,422 [1] INFO  BroadcastClient.MainWindow - Starting screen receiving from 127.0.0.1:5000.
2024-08-31 17:26:46,440 [1] INFO  BroadcastClient.MainWindow - Screen receiving from 127.0.0.1:5000 started successfully.
2024-08-31 17:30:16,472 [1] INFO  BroadcastClient.MainWindow - Starting screen receiving from 127.0.0.1:5000.
2024-08-31 17:30:16,497 [1] INFO  BroadcastClient.MainWindow - Screen receiving from 127.0.0.1:5000 started successfully.
2024-08-31 17:30:21,016 [1] INFO  BroadcastClient.MainWindow - Stopping screen receiving.
2024-08-31 17:30:21,037 [10] ERROR BroadcastClient.MainWindow - Error while receiving data.
System.Net.Sockets.SocketException (0x80004005): Операция блокирования прервана вызовом WSACancelBlockingCall
   в System.Net.Sockets.Socket.ReceiveFrom(Byte[] buffer, Int32 offset, Int32 size, SocketFlags socketFlags, EndPoint& remoteEP)
   в System.Net.Sockets.UdpClient.Receive(IPEndPoint& remoteEP)
   в BroadcastClient.ScreenReceiver.ReceiveFrames(String serverIpAddress, Int32 port) в D:\Projects\C#\Broadcaster\Broadcaster\BroadcastClient\Data\ScreenReceiver.cs:строка 75
2024-08-31 17:30:21,055 [1] INFO  BroadcastClient.MainWindow - Starting screen receiving from 127.0.0.1:5000.
2024-08-31 17:30:21,055 [1] INFO  BroadcastClient.MainWindow - Screen receiving from 127.0.0.1:5000 started successfully.
2024-08-31 17:31:12,481 [1] INFO  BroadcastClient.MainWindow - Starting screen receiving from 127.0.0.1:5000.
2024-08-31 17:31:12,499 [1] INFO  BroadcastClient.MainWindow - Screen receiving from 127.0.0.1:5000 started successfully.
2024-08-31 17:32:25,264 [1] INFO  BroadcastClient.MainWindow - Starting screen receiving from 127.0.0.1:5000.
2024-08-31 17:32:25,288 [1] INFO  BroadcastClient.MainWindow - Screen receiving from 127.0.0.1:5000 started successfully.
2024-08-31 17:32:59,761 [1] INFO  BroadcastClient.MainWindow - Stopping screen receiving.
2024-08-31 17:32:59,780 [10] ERROR BroadcastClient.MainWindow - Error while receiving data.
System.Net.Sockets.SocketException (0x80004005): Операция блокирования прервана вызовом WSACancelBlockingCall
   в System.Net.Sockets.Socket.ReceiveFrom(Byte[] buffer, Int32 offset, Int32 size, SocketFlags socketFlags, EndPoint& remoteEP)
   в System.Net.Sockets.UdpClient.Receive(IPEndPoint& remoteEP)
   в BroadcastClient.ScreenReceiver.ReceiveFrames(String serverIpAddress, Int32 port) в D:\Projects\C#\Broadcaster\Broadcaster\BroadcastClient\Data\ScreenReceiver.cs:строка 75
2024-08-31 17:32:59,792 [1] INFO  BroadcastClient.MainWindow - Starting screen receiving from 127.0.0.1:5000.
2024-08-31 17:32:59,793 [1] INFO  BroadcastClient.MainWindow - Screen receiving from 127.0.0.1:5000 started successfully.
2024-08-31 17:34:52,522 [1] INFO  BroadcastClient.MainWindow - Starting screen receiving from 127.0.0.1:5000.
2024-08-31 17:34:52,557 [1] INFO  BroadcastClient.MainWindow - Screen receiving from 127.0.0.1:5000 started successfully.
2024-08-31 17:36:28,509 [1] INFO  BroadcastClient.MainWindow - Starting screen receiving from 127.0.0.1:5000.
2024-08-31 17:36:28,527 [1] INFO  BroadcastClient.MainWindow - Screen receiving from 127.0.0.1:5000 started successfully.
2024-08-31 17:38:57,684 [1] INFO  BroadcastClient.MainWindow - Starting screen receiving from 127.0.0.1:5000.
2024-08-31 17:38:57,700 [1] INFO  BroadcastClient.MainWindow - Screen receiving from 127.0.0.1:5000 started successfully.
2024-08-31 17:39:19,813 [1] INFO  BroadcastClient.MainWindow - Starting screen receiving from 127.0.0.1:5000.
2024-08-31 17:39:19,836 [1] INFO  BroadcastClient.MainWindow - Screen receiving from 127.0.0.1:5000 started successfully.
2024-08-31 17:43:32,001 [1] INFO  BroadcastClient.MainWindow - Starting screen receiving from 127.0.0.1:5000.
2024-08-31 17:43:32,062 [1] INFO  BroadcastClient.MainWindow - Screen receiving from 127.0.0.1:5000 started successfully.
2024-08-31 17:46:45,980 [1] INFO  BroadcastClient.MainWindow - Starting screen receiving from 127.0.0.1:5000.
2024-08-31 17:46:46,008 [1] INFO  BroadcastClient.MainWindow - Screen receiving from 127.0.0.1:5000 started successfully.
2024-08-31 17:48:39,031 [1] INFO  BroadcastClient.MainWindow - Starting screen receiving from 127.0.0.1:5000.
2024-08-31 17:48:39,056 [1] INFO  BroadcastClient.MainWindow - Screen receiving from 127.0.0.1:5000 started successfully.
2024-08-31 17:49:05,356 [1] INFO  BroadcastClient.MainWindow - Starting screen receiving from 127.0.0.1:5000.
2024-08-31 17:49:05,374 [1] INFO  BroadcastClient.MainWindow - Screen receiving from 127.0.0.1:5000 started successfully.
2024-08-31 17:52:22,875 [1] INFO  BroadcastClient.MainWindow - Starting screen receiving from 127.0.0.1:5000.
2024-08-31 17:52:22,913 [1] INFO  BroadcastClient.MainWindow - Screen receiving from 127.0.0.1:5000 started successfully.
2024-08-31 20:04:00,628 [1] INFO  BroadcastClient.MainWindow - Starting screen receiving from 127.0.0.1:5000.
2024-08-31 20:04:00,691 [1] INFO  BroadcastClient.MainWindow - Screen receiving from 127.0.0.1:5000 started successfully.
2024-08-31 20:06:03,831 [10] INFO  BroadcastClient.MainWindow - Displaying image of 5 bytes
2024-08-31 20:07:32,769 [10] INFO  BroadcastClient.MainWindow - Displaying image of 4 bytes
2024-08-31 20:07:58,260 [10] INFO  BroadcastClient.MainWindow - Displaying image of 4 bytes
2024-08-31 20:08:00,706 [10] INFO  BroadcastClient.MainWindow - Displaying image of 5 bytes
2024-08-31 20:08:00,874 [10] INFO  BroadcastClient.MainWindow - Displaying image of 5 bytes
2024-08-31 20:08:00,995 [10] INFO  BroadcastClient.MainWindow - Displaying image of 5 bytes
2024-08-31 20:08:01,119 [10] INFO  BroadcastClient.MainWindow - Displaying image of 5 bytes
2024-08-31 20:08:01,274 [10] INFO  BroadcastClient.MainWindow - Displaying image of 4 bytes
2024-08-31 20:08:01,416 [10] INFO  BroadcastClient.MainWindow - Displaying image of 4 bytes
2024-08-31 20:08:01,540 [10] INFO  BroadcastClient.MainWindow - Displaying image of 4 bytes
2024-08-31 20:08:01,704 [10] INFO  BroadcastClient.MainWindow - Displaying image of 4 bytes
2024-08-31 20:08:01,854 [10] INFO  BroadcastClient.MainWindow - Displaying image of 4 bytes
2024-08-31 20:08:02,044 [10] INFO  BroadcastClient.MainWindow - Displaying image of 4 bytes
2024-08-31 20:08:02,163 [10] INFO  BroadcastClient.MainWindow - Displaying image of 4 bytes
2024-08-31 20:08:02,282 [10] INFO  BroadcastClient.MainWindow - Displaying image of 4 bytes
2024-08-31 20:08:02,421 [10] INFO  BroadcastClient.MainWindow - Displaying image of 4 bytes
2024-08-31 20:08:02,536 [10] INFO  BroadcastClient.MainWindow - Displaying image of 4 bytes
2024-08-31 20:08:02,717 [10] INFO  BroadcastClient.MainWindow - Displaying image of 4 bytes
2024-08-31 20:08:02,867 [10] INFO  BroadcastClient.MainWindow - Displaying image of 4 bytes
2024-08-31 20:08:03,029 [10] INFO  BroadcastClient.MainWindow - Displaying image of 4 bytes
2024-08-31 20:08:03,185 [10] INFO  BroadcastClient.MainWindow - Displaying image of 4 bytes
2024-08-31 20:08:03,368 [10] INFO  BroadcastClient.MainWindow - Displaying image of 4 bytes
2024-08-31 20:08:03,521 [10] INFO  BroadcastClient.MainWindow - Displaying image of 4 bytes
2024-08-31 20:08:03,654 [10] INFO  BroadcastClient.MainWindow - Displaying image of 4 bytes
2024-08-31 20:08:03,770 [10] INFO  BroadcastClient.MainWindow - Displaying image of 4 bytes
2024-08-31 20:08:03,894 [10] INFO  BroadcastClient.MainWindow - Displaying image of 4 bytes
2024-08-31 20:08:04,013 [10] INFO  BroadcastClient.MainWindow - Displaying image of 4 bytes
2024-08-31 20:08:04,121 [10] INFO  BroadcastClient.MainWindow - Displaying image of 4 bytes
2024-08-31 20:08:04,231 [10] INFO  BroadcastClient.MainWindow - Displaying image of 4 bytes
2024-08-31 20:08:04,344 [10] INFO  BroadcastClient.MainWindow - Displaying image of 4 bytes
2024-08-31 20:08:04,463 [10] INFO  BroadcastClient.MainWindow - Displaying image of 4 bytes
2024-08-31 20:08:04,565 [10] INFO  BroadcastClient.MainWindow - Displaying image of 4 bytes
2024-08-31 20:08:04,678 [10] INFO  BroadcastClient.MainWindow - Displaying image of 4 bytes
2024-08-31 20:08:04,814 [10] INFO  BroadcastClient.MainWindow - Displaying image of 4 bytes
2024-08-31 20:08:04,967 [10] INFO  BroadcastClient.MainWindow - Displaying image of 4 bytes
2024-08-31 20:08:05,119 [10] INFO  BroadcastClient.MainWindow - Displaying image of 4 bytes
2024-08-31 20:08:05,245 [10] INFO  BroadcastClient.MainWindow - Displaying image of 4 bytes
2024-08-31 20:08:05,385 [10] INFO  BroadcastClient.MainWindow - Displaying image of 4 bytes
2024-08-31 20:08:05,496 [10] INFO  BroadcastClient.MainWindow - Displaying image of 4 bytes
2024-08-31 20:08:05,628 [10] INFO  BroadcastClient.MainWindow - Displaying image of 4 bytes
2024-08-31 20:08:05,741 [10] INFO  BroadcastClient.MainWindow - Displaying image of 4 bytes
2024-08-31 20:08:05,862 [10] INFO  BroadcastClient.MainWindow - Displaying image of 4 bytes
2024-08-31 20:08:05,971 [10] INFO  BroadcastClient.MainWindow - Displaying image of 4 bytes
2024-08-31 20:08:06,096 [10] INFO  BroadcastClient.MainWindow - Displaying image of 4 bytes
2024-08-31 20:08:06,199 [10] INFO  BroadcastClient.MainWindow - Displaying image of 4 bytes
2024-08-31 20:08:06,318 [10] INFO  BroadcastClient.MainWindow - Displaying image of 4 bytes
2024-08-31 20:08:06,432 [10] INFO  BroadcastClient.MainWindow - Displaying image of 4 bytes
2024-08-31 20:08:06,561 [10] INFO  BroadcastClient.MainWindow - Displaying image of 4 bytes
2024-08-31 20:08:06,688 [10] INFO  BroadcastClient.MainWindow - Displaying image of 4 bytes
2024-08-31 20:08:06,818 [10] INFO  BroadcastClient.MainWindow - Displaying image of 4 bytes
2024-08-31 20:08:06,971 [10] INFO  BroadcastClient.MainWindow - Displaying image of 4 bytes
2024-08-31 20:08:07,096 [10] INFO  BroadcastClient.MainWindow - Displaying image of 4 bytes
2024-08-31 20:08:07,206 [10] INFO  BroadcastClient.MainWindow - Displaying image of 4 bytes
2024-08-31 20:08:07,327 [10] INFO  BroadcastClient.MainWindow - Displaying image of 4 bytes
2024-08-31 20:08:07,447 [10] INFO  BroadcastClient.MainWindow - Displaying image of 4 bytes
2024-08-31 20:08:07,562 [10] INFO  BroadcastClient.MainWindow - Displaying image of 4 bytes
2024-08-31 20:08:07,691 [10] INFO  BroadcastClient.MainWindow - Displaying image of 4 bytes
2024-08-31 20:08:07,842 [10] INFO  BroadcastClient.MainWindow - Displaying image of 4 bytes
2024-08-31 20:08:07,953 [10] INFO  BroadcastClient.MainWindow - Displaying image of 4 bytes
2024-08-31 20:08:08,068 [10] INFO  BroadcastClient.MainWindow - Displaying image of 4 bytes
2024-08-31 20:08:08,182 [10] INFO  BroadcastClient.MainWindow - Displaying image of 4 bytes
2024-08-31 20:08:08,311 [10] INFO  BroadcastClient.MainWindow - Displaying image of 4 bytes
2024-08-31 20:08:08,419 [10] INFO  BroadcastClient.MainWindow - Displaying image of 4 bytes
2024-08-31 20:08:08,560 [10] INFO  BroadcastClient.MainWindow - Displaying image of 4 bytes
2024-08-31 20:08:08,681 [10] INFO  BroadcastClient.MainWindow - Displaying image of 4 bytes
2024-08-31 20:08:08,798 [10] INFO  BroadcastClient.MainWindow - Displaying image of 4 bytes
2024-08-31 20:08:08,904 [10] INFO  BroadcastClient.MainWindow - Displaying image of 4 bytes
2024-08-31 20:08:09,026 [10] INFO  BroadcastClient.MainWindow - Displaying image of 4 bytes
2024-08-31 20:08:09,126 [10] INFO  BroadcastClient.MainWindow - Displaying image of 4 bytes
2024-08-31 20:08:09,238 [10] INFO  BroadcastClient.MainWindow - Displaying image of 4 bytes
2024-08-31 20:08:09,349 [10] INFO  BroadcastClient.MainWindow - Displaying image of 4 bytes
2024-08-31 20:08:09,473 [10] INFO  BroadcastClient.MainWindow - Displaying image of 4 bytes
2024-08-31 20:08:09,585 [10] INFO  BroadcastClient.MainWindow - Displaying image of 4 bytes
2024-08-31 20:08:09,695 [10] INFO  BroadcastClient.MainWindow - Displaying image of 4 bytes
2024-08-31 20:08:09,808 [10] INFO  BroadcastClient.MainWindow - Displaying image of 4 bytes
2024-08-31 20:08:09,910 [10] INFO  BroadcastClient.MainWindow - Displaying image of 4 bytes
2024-08-31 20:08:10,032 [10] INFO  BroadcastClient.MainWindow - Displaying image of 4 bytes
2024-08-31 20:08:10,143 [10] INFO  BroadcastClient.MainWindow - Displaying image of 4 bytes
2024-08-31 20:08:10,251 [10] INFO  BroadcastClient.MainWindow - Displaying image of 4 bytes
2024-08-31 20:08:10,376 [10] INFO  BroadcastClient.MainWindow - Displaying image of 4 bytes
2024-08-31 20:08:10,490 [10] INFO  BroadcastClient.MainWindow - Displaying image of 4 bytes
2024-08-31 20:08:10,605 [10] INFO  BroadcastClient.MainWindow - Displaying image of 4 bytes
2024-08-31 20:08:10,733 [10] INFO  BroadcastClient.MainWindow - Displaying image of 4 bytes
2024-08-31 20:08:10,862 [10] INFO  BroadcastClient.MainWindow - Displaying image of 4 bytes
2024-08-31 20:08:11,005 [10] INFO  BroadcastClient.MainWindow - Displaying image of 4 bytes
2024-08-31 20:08:11,250 [10] INFO  BroadcastClient.MainWindow - Displaying image of 4 bytes
2024-08-31 20:08:11,365 [10] INFO  BroadcastClient.MainWindow - Displaying image of 4 bytes
2024-08-31 20:08:11,495 [10] INFO  BroadcastClient.MainWindow - Displaying image of 4 bytes
2024-08-31 20:08:11,621 [10] INFO  BroadcastClient.MainWindow - Displaying image of 4 bytes
2024-08-31 20:08:11,739 [10] INFO  BroadcastClient.MainWindow - Displaying image of 4 bytes
2024-08-31 20:08:11,964 [10] INFO  BroadcastClient.MainWindow - Displaying image of 4 bytes
2024-08-31 20:08:12,095 [10] INFO  BroadcastClient.MainWindow - Displaying image of 4 bytes
2024-08-31 20:08:12,336 [10] INFO  BroadcastClient.MainWindow - Displaying image of 4 bytes
2024-08-31 20:08:12,552 [10] INFO  BroadcastClient.MainWindow - Displaying image of 4 bytes
2024-08-31 20:08:12,674 [10] INFO  BroadcastClient.MainWindow - Displaying image of 4 bytes
2024-08-31 20:08:12,802 [10] INFO  BroadcastClient.MainWindow - Displaying image of 4 bytes
2024-08-31 20:08:12,916 [10] INFO  BroadcastClient.MainWindow - Displaying image of 4 bytes
2024-08-31 20:08:13,029 [10] INFO  BroadcastClient.MainWindow - Displaying image of 4 bytes
2024-08-31 20:08:13,153 [10] INFO  BroadcastClient.MainWindow - Displaying image of 4 bytes
2024-08-31 20:08:13,255 [10] INFO  BroadcastClient.MainWindow - Displaying image of 4 bytes
2024-08-31 20:08:13,372 [10] INFO  BroadcastClient.MainWindow - Displaying image of 4 bytes
2024-08-31 20:08:13,489 [10] INFO  BroadcastClient.MainWindow - Displaying image of 4 bytes
2024-08-31 20:08:13,604 [10] INFO  BroadcastClient.MainWindow - Displaying image of 4 bytes
2024-08-31 20:08:13,721 [10] INFO  BroadcastClient.MainWindow - Displaying image of 4 bytes
2024-08-31 20:08:13,841 [10] INFO  BroadcastClient.MainWindow - Displaying image of 4 bytes
2024-08-31 20:08:13,964 [10] INFO  BroadcastClient.MainWindow - Displaying image of 4 bytes
2024-08-31 20:08:14,092 [10] INFO  BroadcastClient.MainWindow - Displaying image of 4 bytes
2024-08-31 20:08:14,222 [10] INFO  BroadcastClient.MainWindow - Displaying image of 4 bytes
2024-08-31 20:08:14,347 [10] INFO  BroadcastClient.MainWindow - Displaying image of 4 bytes
2024-08-31 20:08:14,474 [10] INFO  BroadcastClient.MainWindow - Displaying image of 4 bytes
2024-08-31 20:08:14,697 [10] INFO  BroadcastClient.MainWindow - Displaying image of 4 bytes
2024-08-31 20:08:14,821 [10] INFO  BroadcastClient.MainWindow - Displaying image of 4 bytes
2024-08-31 20:08:14,937 [10] INFO  BroadcastClient.MainWindow - Displaying image of 3 bytes
2024-08-31 20:08:15,056 [10] ERROR BroadcastClient.MainWindow - Error while receiving data. Stoping
System.Collections.Generic.KeyNotFoundException: Данный ключ отсутствует в словаре.
   в System.Collections.Generic.Dictionary`2.get_Item(TKey key)
   в BroadcastClient.ScreenReceiver.DisplayImage() в D:\Projects\C#\Broadcaster\Broadcaster\BroadcastClient\Data\ScreenReceiver.cs:строка 115
   в BroadcastClient.ScreenReceiver.<ReceiveFrames>d__15.MoveNext() в D:\Projects\C#\Broadcaster\Broadcaster\BroadcastClient\Data\ScreenReceiver.cs:строка 90
2024-08-31 20:08:15,127 [10] INFO  BroadcastClient.MainWindow - Stopping screen receiving.
2024-08-31 20:08:26,540 [1] INFO  BroadcastClient.MainWindow - Starting screen receiving from 127.0.0.1:5000.
2024-08-31 20:08:26,543 [1] INFO  BroadcastClient.MainWindow - Screen receiving from 127.0.0.1:5000 started successfully.
2024-08-31 20:08:26,694 [3] INFO  BroadcastClient.MainWindow - Displaying image of 5 bytes
2024-08-31 20:08:26,804 [3] INFO  BroadcastClient.MainWindow - Displaying image of 5 bytes
2024-08-31 20:08:26,930 [3] INFO  BroadcastClient.MainWindow - Displaying image of 5 bytes
2024-08-31 20:08:27,064 [3] INFO  BroadcastClient.MainWindow - Displaying image of 5 bytes
2024-08-31 20:08:27,208 [3] INFO  BroadcastClient.MainWindow - Displaying image of 4 bytes
2024-08-31 20:08:27,327 [3] INFO  BroadcastClient.MainWindow - Displaying image of 4 bytes
2024-08-31 20:08:27,461 [3] INFO  BroadcastClient.MainWindow - Displaying image of 4 bytes
2024-08-31 20:08:27,623 [3] INFO  BroadcastClient.MainWindow - Displaying image of 4 bytes
2024-08-31 20:08:27,764 [3] INFO  BroadcastClient.MainWindow - Displaying image of 4 bytes
2024-08-31 20:08:27,893 [3] INFO  BroadcastClient.MainWindow - Displaying image of 4 bytes
2024-08-31 20:08:28,028 [3] INFO  BroadcastClient.MainWindow - Displaying image of 4 bytes
2024-08-31 20:08:28,152 [3] INFO  BroadcastClient.MainWindow - Displaying image of 4 bytes
2024-08-31 20:08:28,265 [3] INFO  BroadcastClient.MainWindow - Displaying image of 4 bytes
2024-08-31 20:08:28,375 [3] INFO  BroadcastClient.MainWindow - Displaying image of 4 bytes
2024-08-31 20:08:28,478 [3] INFO  BroadcastClient.MainWindow - Displaying image of 4 bytes
2024-08-31 20:08:28,647 [3] INFO  BroadcastClient.MainWindow - Displaying image of 4 bytes
2024-08-31 20:08:28,822 [3] INFO  BroadcastClient.MainWindow - Displaying image of 4 bytes
2024-08-31 20:08:28,933 [3] INFO  BroadcastClient.MainWindow - Displaying image of 4 bytes
2024-08-31 20:08:29,068 [3] INFO  BroadcastClient.MainWindow - Displaying image of 4 bytes
2024-08-31 20:08:29,177 [3] INFO  BroadcastClient.MainWindow - Displaying image of 4 bytes
2024-08-31 20:08:29,330 [3] INFO  BroadcastClient.MainWindow - Displaying image of 4 bytes
2024-08-31 20:08:29,474 [3] INFO  BroadcastClient.MainWindow - Displaying image of 4 bytes
2024-08-31 20:08:29,577 [3] INFO  BroadcastClient.MainWindow - Displaying image of 4 bytes
2024-08-31 20:08:29,704 [3] INFO  BroadcastClient.MainWindow - Displaying image of 4 bytes
2024-08-31 20:08:29,820 [3] INFO  BroadcastClient.MainWindow - Displaying image of 4 bytes
2024-08-31 20:08:29,978 [3] INFO  BroadcastClient.MainWindow - Displaying image of 4 bytes
2024-08-31 20:08:30,106 [3] INFO  BroadcastClient.MainWindow - Displaying image of 4 bytes
2024-08-31 20:08:30,219 [3] INFO  BroadcastClient.MainWindow - Displaying image of 4 bytes
2024-08-31 20:08:30,331 [3] INFO  BroadcastClient.MainWindow - Displaying image of 4 bytes
2024-08-31 20:08:30,451 [3] INFO  BroadcastClient.MainWindow - Displaying image of 4 bytes
2024-08-31 20:08:30,559 [3] INFO  BroadcastClient.MainWindow - Displaying image of 4 bytes
2024-08-31 20:08:30,669 [3] INFO  BroadcastClient.MainWindow - Displaying image of 4 bytes
2024-08-31 20:08:30,780 [3] INFO  BroadcastClient.MainWindow - Displaying image of 4 bytes
2024-08-31 20:08:30,897 [3] INFO  BroadcastClient.MainWindow - Displaying image of 4 bytes
2024-08-31 20:08:31,045 [3] INFO  BroadcastClient.MainWindow - Displaying image of 4 bytes
2024-08-31 20:08:31,156 [3] INFO  BroadcastClient.MainWindow - Displaying image of 4 bytes
2024-08-31 20:08:31,266 [3] INFO  BroadcastClient.MainWindow - Displaying image of 4 bytes
2024-08-31 20:08:31,374 [3] INFO  BroadcastClient.MainWindow - Displaying image of 4 bytes
2024-08-31 20:08:31,488 [3] INFO  BroadcastClient.MainWindow - Displaying image of 4 bytes
2024-08-31 20:08:31,597 [3] INFO  BroadcastClient.MainWindow - Displaying image of 4 bytes
2024-08-31 20:08:31,725 [3] INFO  BroadcastClient.MainWindow - Displaying image of 4 bytes
2024-08-31 20:08:31,841 [3] INFO  BroadcastClient.MainWindow - Displaying image of 4 bytes
2024-08-31 20:08:31,965 [3] INFO  BroadcastClient.MainWindow - Displaying image of 4 bytes
2024-08-31 20:08:32,073 [3] INFO  BroadcastClient.MainWindow - Displaying image of 4 bytes
2024-08-31 20:08:32,180 [3] INFO  BroadcastClient.MainWindow - Displaying image of 4 bytes
2024-08-31 20:08:32,293 [3] INFO  BroadcastClient.MainWindow - Displaying image of 4 bytes
2024-08-31 20:08:32,405 [3] INFO  BroadcastClient.MainWindow - Displaying image of 4 bytes
2024-08-31 20:08:32,508 [3] INFO  BroadcastClient.MainWindow - Displaying image of 4 bytes
2024-08-31 20:08:32,635 [3] INFO  BroadcastClient.MainWindow - Displaying image of 4 bytes
2024-08-31 20:08:32,756 [3] INFO  BroadcastClient.MainWindow - Displaying image of 4 bytes
2024-08-31 20:08:32,863 [3] INFO  BroadcastClient.MainWindow - Displaying image of 4 bytes
2024-08-31 20:08:32,984 [3] INFO  BroadcastClient.MainWindow - Displaying image of 4 bytes
2024-08-31 20:08:33,094 [3] INFO  BroadcastClient.MainWindow - Displaying image of 4 bytes
2024-08-31 20:08:33,211 [3] INFO  BroadcastClient.MainWindow - Displaying image of 4 bytes
2024-08-31 20:08:33,316 [3] INFO  BroadcastClient.MainWindow - Displaying image of 4 bytes
2024-08-31 20:08:33,436 [3] INFO  BroadcastClient.MainWindow - Displaying image of 4 bytes
2024-08-31 20:08:33,543 [3] INFO  BroadcastClient.MainWindow - Displaying image of 4 bytes
2024-08-31 20:08:33,659 [3] INFO  BroadcastClient.MainWindow - Displaying image of 4 bytes
2024-08-31 20:08:33,772 [3] INFO  BroadcastClient.MainWindow - Displaying image of 4 bytes
2024-08-31 20:08:33,885 [3] INFO  BroadcastClient.MainWindow - Displaying image of 4 bytes
2024-08-31 20:08:33,996 [3] INFO  BroadcastClient.MainWindow - Displaying image of 4 bytes
2024-08-31 20:08:34,125 [3] INFO  BroadcastClient.MainWindow - Displaying image of 4 bytes
2024-08-31 20:08:34,243 [3] INFO  BroadcastClient.MainWindow - Displaying image of 4 bytes
2024-08-31 20:08:34,356 [3] INFO  BroadcastClient.MainWindow - Displaying image of 4 bytes
2024-08-31 20:08:34,486 [3] INFO  BroadcastClient.MainWindow - Displaying image of 4 bytes
2024-08-31 20:08:34,605 [3] INFO  BroadcastClient.MainWindow - Displaying image of 4 bytes
2024-08-31 20:08:34,710 [3] INFO  BroadcastClient.MainWindow - Displaying image of 4 bytes
2024-08-31 20:08:34,843 [3] INFO  BroadcastClient.MainWindow - Displaying image of 4 bytes
2024-08-31 20:08:34,971 [3] INFO  BroadcastClient.MainWindow - Displaying image of 4 bytes
2024-08-31 20:08:35,084 [3] INFO  BroadcastClient.MainWindow - Displaying image of 4 bytes
2024-08-31 20:08:35,201 [3] INFO  BroadcastClient.MainWindow - Displaying image of 4 bytes
2024-08-31 20:08:35,306 [3] INFO  BroadcastClient.MainWindow - Displaying image of 4 bytes
2024-08-31 20:08:35,422 [3] INFO  BroadcastClient.MainWindow - Displaying image of 4 bytes
2024-08-31 20:08:35,525 [3] INFO  BroadcastClient.MainWindow - Displaying image of 4 bytes
2024-08-31 20:08:35,645 [3] INFO  BroadcastClient.MainWindow - Displaying image of 4 bytes
2024-08-31 20:08:35,746 [3] INFO  BroadcastClient.MainWindow - Displaying image of 4 bytes
2024-08-31 20:08:36,119 [3] INFO  BroadcastClient.MainWindow - Displaying image of 4 bytes
2024-08-31 20:08:36,243 [3] INFO  BroadcastClient.MainWindow - Displaying image of 3 bytes
2024-08-31 20:08:36,392 [3] INFO  BroadcastClient.MainWindow - Displaying image of 3 bytes
2024-08-31 20:08:36,520 [3] INFO  BroadcastClient.MainWindow - Displaying image of 3 bytes
2024-08-31 20:08:36,620 [3] INFO  BroadcastClient.MainWindow - Displaying image of 3 bytes
2024-08-31 20:08:36,735 [3] INFO  BroadcastClient.MainWindow - Displaying image of 3 bytes
2024-08-31 20:08:36,840 [3] INFO  BroadcastClient.MainWindow - Displaying image of 3 bytes
2024-08-31 20:08:36,963 [3] INFO  BroadcastClient.MainWindow - Displaying image of 3 bytes
2024-08-31 20:08:37,076 [3] INFO  BroadcastClient.MainWindow - Displaying image of 3 bytes
2024-08-31 20:08:37,188 [3] INFO  BroadcastClient.MainWindow - Displaying image of 3 bytes
2024-08-31 20:08:37,283 [3] INFO  BroadcastClient.MainWindow - Displaying image of 3 bytes
2024-08-31 20:08:37,395 [3] INFO  BroadcastClient.MainWindow - Displaying image of 3 bytes
2024-08-31 20:08:37,503 [3] INFO  BroadcastClient.MainWindow - Displaying image of 3 bytes
2024-08-31 20:08:37,619 [3] INFO  BroadcastClient.MainWindow - Displaying image of 3 bytes
2024-08-31 20:08:37,722 [3] INFO  BroadcastClient.MainWindow - Displaying image of 3 bytes
2024-08-31 20:08:37,843 [3] INFO  BroadcastClient.MainWindow - Displaying image of 3 bytes
2024-08-31 20:08:37,962 [3] INFO  BroadcastClient.MainWindow - Displaying image of 3 bytes
2024-08-31 20:08:38,088 [3] INFO  BroadcastClient.MainWindow - Displaying image of 3 bytes
2024-08-31 20:08:38,194 [3] INFO  BroadcastClient.MainWindow - Displaying image of 3 bytes
2024-08-31 20:08:38,296 [3] INFO  BroadcastClient.MainWindow - Displaying image of 3 bytes
2024-08-31 20:08:38,424 [3] INFO  BroadcastClient.MainWindow - Displaying image of 3 bytes
2024-08-31 20:08:38,534 [3] INFO  BroadcastClient.MainWindow - Displaying image of 3 bytes
2024-08-31 20:08:38,664 [3] INFO  BroadcastClient.MainWindow - Displaying image of 3 bytes
2024-08-31 20:08:38,767 [3] INFO  BroadcastClient.MainWindow - Displaying image of 3 bytes
2024-08-31 20:08:38,880 [3] INFO  BroadcastClient.MainWindow - Displaying image of 3 bytes
2024-08-31 20:08:38,996 [3] INFO  BroadcastClient.MainWindow - Displaying image of 3 bytes
2024-08-31 20:08:39,115 [3] INFO  BroadcastClient.MainWindow - Displaying image of 3 bytes
2024-08-31 20:08:39,228 [3] INFO  BroadcastClient.MainWindow - Displaying image of 3 bytes
2024-08-31 20:08:39,350 [3] INFO  BroadcastClient.MainWindow - Displaying image of 3 bytes
2024-08-31 20:08:39,461 [3] INFO  BroadcastClient.MainWindow - Displaying image of 3 bytes
2024-08-31 20:08:39,600 [3] INFO  BroadcastClient.MainWindow - Displaying image of 3 bytes
2024-08-31 20:08:39,713 [3] INFO  BroadcastClient.MainWindow - Displaying image of 3 bytes
2024-08-31 20:08:39,829 [3] INFO  BroadcastClient.MainWindow - Displaying image of 3 bytes
2024-08-31 20:08:39,939 [3] INFO  BroadcastClient.MainWindow - Displaying image of 3 bytes
2024-08-31 20:08:40,054 [3] INFO  BroadcastClient.MainWindow - Displaying image of 3 bytes
2024-08-31 20:08:40,165 [3] INFO  BroadcastClient.MainWindow - Displaying image of 3 bytes
2024-08-31 20:08:40,257 [3] INFO  BroadcastClient.MainWindow - Displaying image of 3 bytes
2024-08-31 20:08:40,372 [3] INFO  BroadcastClient.MainWindow - Displaying image of 3 bytes
2024-08-31 20:08:40,484 [3] INFO  BroadcastClient.MainWindow - Displaying image of 3 bytes
2024-08-31 20:08:40,601 [3] INFO  BroadcastClient.MainWindow - Displaying image of 3 bytes
2024-08-31 20:08:40,716 [3] INFO  BroadcastClient.MainWindow - Displaying image of 3 bytes
2024-08-31 20:08:40,824 [3] INFO  BroadcastClient.MainWindow - Displaying image of 3 bytes
2024-08-31 20:08:40,934 [3] INFO  BroadcastClient.MainWindow - Displaying image of 3 bytes
2024-08-31 20:08:41,060 [3] INFO  BroadcastClient.MainWindow - Displaying image of 3 bytes
2024-08-31 20:08:41,172 [3] INFO  BroadcastClient.MainWindow - Displaying image of 3 bytes
2024-08-31 20:08:41,294 [3] INFO  BroadcastClient.MainWindow - Displaying image of 3 bytes
2024-08-31 20:08:41,395 [3] INFO  BroadcastClient.MainWindow - Displaying image of 3 bytes
2024-08-31 20:08:41,500 [3] INFO  BroadcastClient.MainWindow - Displaying image of 3 bytes
2024-08-31 20:08:41,600 [3] INFO  BroadcastClient.MainWindow - Displaying image of 3 bytes
2024-08-31 20:08:41,711 [3] INFO  BroadcastClient.MainWindow - Displaying image of 3 bytes
2024-08-31 20:08:41,820 [3] INFO  BroadcastClient.MainWindow - Displaying image of 3 bytes
2024-08-31 20:08:41,936 [3] INFO  BroadcastClient.MainWindow - Displaying image of 3 bytes
2024-08-31 20:08:42,058 [3] INFO  BroadcastClient.MainWindow - Displaying image of 3 bytes
2024-08-31 20:08:42,170 [3] INFO  BroadcastClient.MainWindow - Displaying image of 3 bytes
2024-08-31 20:08:42,278 [3] INFO  BroadcastClient.MainWindow - Displaying image of 3 bytes
2024-08-31 20:08:42,386 [3] INFO  BroadcastClient.MainWindow - Displaying image of 3 bytes
2024-08-31 20:08:42,496 [3] INFO  BroadcastClient.MainWindow - Displaying image of 3 bytes
2024-08-31 20:08:42,597 [3] INFO  BroadcastClient.MainWindow - Displaying image of 3 bytes
2024-08-31 20:08:42,691 [3] INFO  BroadcastClient.MainWindow - Displaying image of 3 bytes
2024-08-31 20:08:42,802 [3] INFO  BroadcastClient.MainWindow - Displaying image of 3 bytes
2024-08-31 20:08:42,913 [3] INFO  BroadcastClient.MainWindow - Displaying image of 3 bytes
2024-08-31 20:08:43,020 [3] INFO  BroadcastClient.MainWindow - Displaying image of 3 bytes
2024-08-31 20:08:43,129 [3] INFO  BroadcastClient.MainWindow - Displaying image of 3 bytes
2024-08-31 20:08:43,229 [3] INFO  BroadcastClient.MainWindow - Displaying image of 3 bytes
2024-08-31 20:08:43,339 [3] INFO  BroadcastClient.MainWindow - Displaying image of 3 bytes
2024-08-31 20:08:43,451 [3] INFO  BroadcastClient.MainWindow - Displaying image of 3 bytes
2024-08-31 20:08:43,561 [3] INFO  BroadcastClient.MainWindow - Displaying image of 3 bytes
2024-08-31 20:08:43,664 [3] INFO  BroadcastClient.MainWindow - Displaying image of 3 bytes
2024-08-31 20:08:43,771 [3] INFO  BroadcastClient.MainWindow - Displaying image of 3 bytes
2024-08-31 20:08:43,891 [3] INFO  BroadcastClient.MainWindow - Displaying image of 3 bytes
2024-08-31 20:08:44,005 [3] INFO  BroadcastClient.MainWindow - Displaying image of 3 bytes
2024-08-31 20:08:44,136 [3] INFO  BroadcastClient.MainWindow - Displaying image of 3 bytes
2024-08-31 20:08:44,245 [3] INFO  BroadcastClient.MainWindow - Displaying image of 3 bytes
2024-08-31 20:08:44,356 [3] INFO  BroadcastClient.MainWindow - Displaying image of 3 bytes
2024-08-31 20:08:44,454 [3] INFO  BroadcastClient.MainWindow - Displaying image of 3 bytes
2024-08-31 20:08:44,561 [3] INFO  BroadcastClient.MainWindow - Displaying image of 3 bytes
2024-08-31 20:08:44,663 [3] INFO  BroadcastClient.MainWindow - Displaying image of 3 bytes
2024-08-31 20:08:44,794 [3] INFO  BroadcastClient.MainWindow - Displaying image of 3 bytes
2024-08-31 20:08:44,895 [3] INFO  BroadcastClient.MainWindow - Displaying image of 3 bytes
2024-08-31 20:08:45,004 [3] INFO  BroadcastClient.MainWindow - Displaying image of 3 bytes
2024-08-31 20:08:45,111 [3] INFO  BroadcastClient.MainWindow - Displaying image of 3 bytes
2024-08-31 20:08:45,226 [3] INFO  BroadcastClient.MainWindow - Displaying image of 3 bytes
2024-08-31 20:08:45,332 [3] INFO  BroadcastClient.MainWindow - Displaying image of 3 bytes
2024-08-31 20:08:45,446 [3] INFO  BroadcastClient.MainWindow - Displaying image of 3 bytes
2024-08-31 20:08:45,544 [3] INFO  BroadcastClient.MainWindow - Displaying image of 3 bytes
2024-08-31 20:08:45,645 [3] INFO  BroadcastClient.MainWindow - Displaying image of 3 bytes
2024-08-31 20:08:45,746 [3] INFO  BroadcastClient.MainWindow - Displaying image of 3 bytes
2024-08-31 20:08:45,859 [3] INFO  BroadcastClient.MainWindow - Displaying image of 3 bytes
2024-08-31 20:08:45,973 [3] INFO  BroadcastClient.MainWindow - Displaying image of 3 bytes
2024-08-31 20:08:46,089 [3] INFO  BroadcastClient.MainWindow - Displaying image of 3 bytes
2024-08-31 20:08:46,191 [3] INFO  BroadcastClient.MainWindow - Displaying image of 3 bytes
2024-08-31 20:08:46,298 [3] INFO  BroadcastClient.MainWindow - Displaying image of 3 bytes
2024-08-31 20:08:46,411 [3] INFO  BroadcastClient.MainWindow - Displaying image of 3 bytes
2024-08-31 20:08:46,530 [3] INFO  BroadcastClient.MainWindow - Displaying image of 3 bytes
2024-08-31 20:08:46,641 [3] INFO  BroadcastClient.MainWindow - Displaying image of 3 bytes
2024-08-31 20:08:46,757 [3] INFO  BroadcastClient.MainWindow - Displaying image of 3 bytes
2024-08-31 20:08:46,858 [3] INFO  BroadcastClient.MainWindow - Displaying image of 3 bytes
2024-08-31 20:08:46,977 [3] INFO  BroadcastClient.MainWindow - Displaying image of 3 bytes
2024-08-31 20:08:47,084 [3] INFO  BroadcastClient.MainWindow - Displaying image of 3 bytes
2024-08-31 20:08:47,203 [3] INFO  BroadcastClient.MainWindow - Displaying image of 3 bytes
2024-08-31 20:08:47,307 [3] INFO  BroadcastClient.MainWindow - Displaying image of 3 bytes
2024-08-31 20:08:47,416 [3] INFO  BroadcastClient.MainWindow - Displaying image of 3 bytes
2024-08-31 20:08:47,522 [3] INFO  BroadcastClient.MainWindow - Displaying image of 3 bytes
2024-08-31 20:08:47,635 [3] INFO  BroadcastClient.MainWindow - Displaying image of 3 bytes
2024-08-31 20:08:47,747 [3] INFO  BroadcastClient.MainWindow - Displaying image of 3 bytes
2024-08-31 20:08:47,861 [3] INFO  BroadcastClient.MainWindow - Displaying image of 3 bytes
2024-08-31 20:08:47,975 [3] INFO  BroadcastClient.MainWindow - Displaying image of 3 bytes
2024-08-31 20:08:48,082 [3] INFO  BroadcastClient.MainWindow - Displaying image of 3 bytes
2024-08-31 20:08:48,189 [3] INFO  BroadcastClient.MainWindow - Displaying image of 3 bytes
2024-08-31 20:08:48,303 [3] INFO  BroadcastClient.MainWindow - Displaying image of 3 bytes
2024-08-31 20:08:48,410 [3] INFO  BroadcastClient.MainWindow - Displaying image of 3 bytes
2024-08-31 20:08:48,520 [3] INFO  BroadcastClient.MainWindow - Displaying image of 3 bytes
2024-08-31 20:08:48,624 [3] INFO  BroadcastClient.MainWindow - Displaying image of 3 bytes
2024-08-31 20:08:48,731 [3] INFO  BroadcastClient.MainWindow - Displaying image of 3 bytes
2024-08-31 20:08:48,844 [3] INFO  BroadcastClient.MainWindow - Displaying image of 3 bytes
2024-08-31 20:08:48,974 [3] INFO  BroadcastClient.MainWindow - Displaying image of 3 bytes
2024-08-31 20:08:49,078 [3] INFO  BroadcastClient.MainWindow - Displaying image of 3 bytes
2024-08-31 20:08:49,184 [3] INFO  BroadcastClient.MainWindow - Displaying image of 3 bytes
2024-08-31 20:08:49,294 [3] INFO  BroadcastClient.MainWindow - Displaying image of 3 bytes
2024-08-31 20:08:49,411 [3] INFO  BroadcastClient.MainWindow - Displaying image of 3 bytes
2024-08-31 20:08:49,520 [3] INFO  BroadcastClient.MainWindow - Displaying image of 3 bytes
2024-08-31 20:08:49,631 [3] INFO  BroadcastClient.MainWindow - Displaying image of 3 bytes
2024-08-31 20:08:49,741 [3] INFO  BroadcastClient.MainWindow - Displaying image of 3 bytes
2024-08-31 20:08:49,856 [3] INFO  BroadcastClient.MainWindow - Displaying image of 3 bytes
2024-08-31 20:08:49,969 [3] INFO  BroadcastClient.MainWindow - Displaying image of 3 bytes
2024-08-31 20:08:50,078 [3] INFO  BroadcastClient.MainWindow - Displaying image of 3 bytes
2024-08-31 20:08:50,189 [3] INFO  BroadcastClient.MainWindow - Displaying image of 3 bytes
2024-08-31 20:08:50,290 [3] INFO  BroadcastClient.MainWindow - Displaying image of 3 bytes
2024-08-31 20:08:50,399 [3] INFO  BroadcastClient.MainWindow - Displaying image of 3 bytes
2024-08-31 20:08:50,514 [3] INFO  BroadcastClient.MainWindow - Displaying image of 3 bytes
2024-08-31 20:08:50,624 [3] INFO  BroadcastClient.MainWindow - Displaying image of 3 bytes
2024-08-31 20:08:50,740 [3] INFO  BroadcastClient.MainWindow - Displaying image of 3 bytes
2024-08-31 20:08:50,852 [3] INFO  BroadcastClient.MainWindow - Displaying image of 3 bytes
2024-08-31 20:08:50,965 [3] INFO  BroadcastClient.MainWindow - Displaying image of 3 bytes
2024-08-31 20:08:51,082 [3] INFO  BroadcastClient.MainWindow - Displaying image of 3 bytes
2024-08-31 20:08:51,187 [3] INFO  BroadcastClient.MainWindow - Displaying image of 3 bytes
2024-08-31 20:08:51,295 [3] INFO  BroadcastClient.MainWindow - Displaying image of 3 bytes
2024-08-31 20:08:51,406 [3] INFO  BroadcastClient.MainWindow - Displaying image of 3 bytes
2024-08-31 20:08:51,509 [3] INFO  BroadcastClient.MainWindow - Displaying image of 3 bytes
2024-08-31 20:08:51,604 [3] INFO  BroadcastClient.MainWindow - Displaying image of 3 bytes
2024-08-31 20:08:51,705 [3] INFO  BroadcastClient.MainWindow - Displaying image of 3 bytes
2024-08-31 20:08:51,807 [3] INFO  BroadcastClient.MainWindow - Displaying image of 3 bytes
2024-08-31 20:08:51,906 [3] INFO  BroadcastClient.MainWindow - Displaying image of 3 bytes
2024-08-31 20:08:52,035 [3] INFO  BroadcastClient.MainWindow - Displaying image of 3 bytes
2024-08-31 20:08:52,139 [3] INFO  BroadcastClient.MainWindow - Displaying image of 3 bytes
2024-08-31 20:08:52,237 [3] INFO  BroadcastClient.MainWindow - Displaying image of 3 bytes
2024-08-31 20:08:52,335 [3] INFO  BroadcastClient.MainWindow - Displaying image of 3 bytes
2024-08-31 20:08:52,451 [3] INFO  BroadcastClient.MainWindow - Displaying image of 3 bytes
2024-08-31 20:08:52,597 [3] INFO  BroadcastClient.MainWindow - Displaying image of 3 bytes
2024-08-31 20:08:52,723 [3] INFO  BroadcastClient.MainWindow - Displaying image of 4 bytes
2024-08-31 20:11:40,400 [1] INFO  BroadcastClient.MainWindow - Starting screen receiving from 127.0.0.1:5000.
2024-08-31 20:11:40,490 [1] INFO  BroadcastClient.MainWindow - Screen receiving from 127.0.0.1:5000 started successfully.
2024-08-31 20:11:40,501 [10] INFO  BroadcastClient.MainWindow - Displaying image of 1 bytes
2024-08-31 20:11:40,664 [10] INFO  BroadcastClient.MainWindow - Displaying image of 1 bytes
2024-08-31 20:11:40,687 [10] INFO  BroadcastClient.MainWindow - Displaying image of 1 bytes
2024-08-31 20:11:40,712 [10] INFO  BroadcastClient.MainWindow - Displaying image of 1 bytes
2024-08-31 20:11:40,737 [10] INFO  BroadcastClient.MainWindow - Displaying image of 1 bytes
2024-08-31 20:11:40,765 [10] INFO  BroadcastClient.MainWindow - Displaying image of 1 bytes
2024-08-31 20:11:40,804 [10] INFO  BroadcastClient.MainWindow - Displaying image of 1 bytes
2024-08-31 20:11:40,848 [10] INFO  BroadcastClient.MainWindow - Displaying image of 1 bytes
2024-08-31 20:11:40,900 [10] INFO  BroadcastClient.MainWindow - Displaying image of 1 bytes
2024-08-31 20:11:40,951 [10] INFO  BroadcastClient.MainWindow - Displaying image of 1 bytes
2024-08-31 20:11:41,008 [10] INFO  BroadcastClient.MainWindow - Displaying image of 1 bytes
2024-08-31 20:11:41,058 [10] INFO  BroadcastClient.MainWindow - Displaying image of 1 bytes
2024-08-31 20:11:41,112 [10] INFO  BroadcastClient.MainWindow - Displaying image of 1 bytes
2024-08-31 20:11:41,171 [10] INFO  BroadcastClient.MainWindow - Displaying image of 1 bytes
2024-08-31 20:11:41,217 [10] INFO  BroadcastClient.MainWindow - Displaying image of 1 bytes
2024-08-31 20:11:41,268 [10] INFO  BroadcastClient.MainWindow - Displaying image of 1 bytes
2024-08-31 20:11:41,320 [10] INFO  BroadcastClient.MainWindow - Displaying image of 1 bytes
2024-08-31 20:11:41,370 [10] INFO  BroadcastClient.MainWindow - Displaying image of 1 bytes
2024-08-31 20:11:41,419 [10] INFO  BroadcastClient.MainWindow - Displaying image of 1 bytes
2024-08-31 20:11:41,474 [10] INFO  BroadcastClient.MainWindow - Displaying image of 1 bytes
2024-08-31 20:11:41,518 [10] INFO  BroadcastClient.MainWindow - Displaying image of 1 bytes
2024-08-31 20:11:41,576 [10] INFO  BroadcastClient.MainWindow - Displaying image of 1 bytes
2024-08-31 20:11:41,622 [10] INFO  BroadcastClient.MainWindow - Displaying image of 1 bytes
2024-08-31 20:11:41,669 [10] INFO  BroadcastClient.MainWindow - Displaying image of 1 bytes
2024-08-31 20:11:41,727 [10] INFO  BroadcastClient.MainWindow - Displaying image of 1 bytes
2024-08-31 20:11:41,784 [10] INFO  BroadcastClient.MainWindow - Displaying image of 1 bytes
2024-08-31 20:11:41,837 [10] INFO  BroadcastClient.MainWindow - Displaying image of 1 bytes
2024-08-31 20:11:41,883 [10] INFO  BroadcastClient.MainWindow - Displaying image of 1 bytes
2024-08-31 20:11:41,935 [10] INFO  BroadcastClient.MainWindow - Displaying image of 1 bytes
2024-08-31 20:11:41,997 [10] INFO  BroadcastClient.MainWindow - Displaying image of 1 bytes
2024-08-31 20:11:42,037 [10] INFO  BroadcastClient.MainWindow - Displaying image of 1 bytes
2024-08-31 20:11:42,089 [10] INFO  BroadcastClient.MainWindow - Displaying image of 1 bytes
2024-08-31 20:11:42,134 [10] INFO  BroadcastClient.MainWindow - Displaying image of 1 bytes
2024-08-31 20:11:42,192 [10] INFO  BroadcastClient.MainWindow - Displaying image of 1 bytes
2024-08-31 20:11:42,237 [10] INFO  BroadcastClient.MainWindow - Displaying image of 1 bytes
2024-08-31 20:11:42,284 [10] INFO  BroadcastClient.MainWindow - Displaying image of 1 bytes
2024-08-31 20:11:42,335 [10] INFO  BroadcastClient.MainWindow - Displaying image of 1 bytes
2024-08-31 20:11:42,385 [10] INFO  BroadcastClient.MainWindow - Displaying image of 1 bytes
2024-08-31 20:11:42,437 [10] INFO  BroadcastClient.MainWindow - Displaying image of 1 bytes
2024-08-31 20:11:42,484 [10] INFO  BroadcastClient.MainWindow - Displaying image of 1 bytes
2024-08-31 20:11:42,534 [10] INFO  BroadcastClient.MainWindow - Displaying image of 1 bytes
2024-08-31 20:11:42,582 [10] INFO  BroadcastClient.MainWindow - Displaying image of 1 bytes
2024-08-31 20:11:42,640 [10] INFO  BroadcastClient.MainWindow - Displaying image of 1 bytes
2024-08-31 20:11:42,685 [10] INFO  BroadcastClient.MainWindow - Displaying image of 1 bytes
2024-08-31 20:11:42,731 [10] INFO  BroadcastClient.MainWindow - Displaying image of 1 bytes
2024-08-31 20:11:42,765 [10] INFO  BroadcastClient.MainWindow - Displaying image of 1 bytes
2024-08-31 20:11:42,813 [10] INFO  BroadcastClient.MainWindow - Displaying image of 1 bytes
2024-08-31 20:11:42,865 [10] INFO  BroadcastClient.MainWindow - Displaying image of 1 bytes
2024-08-31 20:11:42,912 [10] INFO  BroadcastClient.MainWindow - Displaying image of 1 bytes
2024-08-31 20:11:42,948 [10] INFO  BroadcastClient.MainWindow - Displaying image of 1 bytes
2024-08-31 20:11:42,997 [10] INFO  BroadcastClient.MainWindow - Displaying image of 1 bytes
2024-08-31 20:11:43,029 [10] INFO  BroadcastClient.MainWindow - Displaying image of 1 bytes
2024-08-31 20:11:43,072 [10] INFO  BroadcastClient.MainWindow - Displaying image of 1 bytes
2024-08-31 20:11:43,112 [10] INFO  BroadcastClient.MainWindow - Displaying image of 1 bytes
2024-08-31 20:11:43,147 [10] INFO  BroadcastClient.MainWindow - Displaying image of 1 bytes
2024-08-31 20:11:43,180 [10] INFO  BroadcastClient.MainWindow - Displaying image of 1 bytes
2024-08-31 20:11:43,213 [10] INFO  BroadcastClient.MainWindow - Displaying image of 1 bytes
2024-08-31 20:11:43,247 [10] INFO  BroadcastClient.MainWindow - Displaying image of 1 bytes
2024-08-31 20:11:43,294 [10] INFO  BroadcastClient.MainWindow - Displaying image of 1 bytes
2024-08-31 20:11:43,328 [10] INFO  BroadcastClient.MainWindow - Displaying image of 1 bytes
2024-08-31 20:11:43,362 [10] INFO  BroadcastClient.MainWindow - Displaying image of 1 bytes
2024-08-31 20:11:43,402 [10] INFO  BroadcastClient.MainWindow - Displaying image of 1 bytes
2024-08-31 20:11:43,447 [10] INFO  BroadcastClient.MainWindow - Displaying image of 1 bytes
2024-08-31 20:11:43,481 [10] INFO  BroadcastClient.MainWindow - Displaying image of 1 bytes
2024-08-31 20:11:43,533 [10] INFO  BroadcastClient.MainWindow - Displaying image of 1 bytes
2024-08-31 20:11:43,578 [10] INFO  BroadcastClient.MainWindow - Displaying image of 1 bytes
2024-08-31 20:11:43,613 [10] INFO  BroadcastClient.MainWindow - Displaying image of 1 bytes
2024-08-31 20:11:43,646 [10] INFO  BroadcastClient.MainWindow - Displaying image of 1 bytes
2024-08-31 20:11:43,706 [10] INFO  BroadcastClient.MainWindow - Displaying image of 1 bytes
2024-08-31 20:11:43,754 [10] INFO  BroadcastClient.MainWindow - Displaying image of 1 bytes
2024-08-31 20:11:43,797 [10] INFO  BroadcastClient.MainWindow - Displaying image of 1 bytes
2024-08-31 20:11:43,828 [10] INFO  BroadcastClient.MainWindow - Displaying image of 1 bytes
2024-08-31 20:11:43,862 [10] INFO  BroadcastClient.MainWindow - Displaying image of 1 bytes
2024-08-31 20:11:43,897 [10] INFO  BroadcastClient.MainWindow - Displaying image of 1 bytes
2024-08-31 20:11:43,952 [10] INFO  BroadcastClient.MainWindow - Displaying image of 1 bytes
2024-08-31 20:11:43,995 [10] INFO  BroadcastClient.MainWindow - Displaying image of 1 bytes
2024-08-31 20:11:44,028 [10] INFO  BroadcastClient.MainWindow - Displaying image of 1 bytes
2024-08-31 20:11:44,062 [10] INFO  BroadcastClient.MainWindow - Displaying image of 1 bytes
2024-08-31 20:11:44,096 [10] INFO  BroadcastClient.MainWindow - Displaying image of 1 bytes
2024-08-31 20:11:44,129 [10] INFO  BroadcastClient.MainWindow - Displaying image of 1 bytes
2024-08-31 20:11:44,171 [10] INFO  BroadcastClient.MainWindow - Displaying image of 1 bytes
2024-08-31 20:11:44,210 [10] INFO  BroadcastClient.MainWindow - Displaying image of 1 bytes
2024-08-31 20:11:44,244 [10] INFO  BroadcastClient.MainWindow - Displaying image of 1 bytes
2024-08-31 20:11:44,277 [10] INFO  BroadcastClient.MainWindow - Displaying image of 1 bytes
2024-08-31 20:11:44,312 [10] INFO  BroadcastClient.MainWindow - Displaying image of 1 bytes
2024-08-31 20:11:44,345 [10] INFO  BroadcastClient.MainWindow - Displaying image of 1 bytes
2024-08-31 20:11:44,383 [10] INFO  BroadcastClient.MainWindow - Displaying image of 1 bytes
2024-08-31 20:11:44,426 [10] INFO  BroadcastClient.MainWindow - Displaying image of 1 bytes
2024-08-31 20:11:44,461 [10] INFO  BroadcastClient.MainWindow - Displaying image of 1 bytes
2024-08-31 20:11:44,494 [10] INFO  BroadcastClient.MainWindow - Displaying image of 1 bytes
2024-08-31 20:11:44,529 [10] INFO  BroadcastClient.MainWindow - Displaying image of 1 bytes
2024-08-31 20:11:44,560 [10] INFO  BroadcastClient.MainWindow - Displaying image of 1 bytes
2024-08-31 20:11:44,602 [10] INFO  BroadcastClient.MainWindow - Displaying image of 1 bytes
2024-08-31 20:11:44,643 [10] INFO  BroadcastClient.MainWindow - Displaying image of 1 bytes
2024-08-31 20:11:44,679 [10] INFO  BroadcastClient.MainWindow - Displaying image of 1 bytes
2024-08-31 20:11:44,714 [10] INFO  BroadcastClient.MainWindow - Displaying image of 1 bytes
2024-08-31 20:11:44,763 [10] INFO  BroadcastClient.MainWindow - Displaying image of 1 bytes
2024-08-31 20:11:44,818 [10] INFO  BroadcastClient.MainWindow - Displaying image of 1 bytes
2024-08-31 20:11:44,862 [10] INFO  BroadcastClient.MainWindow - Displaying image of 1 bytes
2024-08-31 20:11:44,910 [10] INFO  BroadcastClient.MainWindow - Displaying image of 1 bytes
2024-08-31 20:11:44,945 [10] INFO  BroadcastClient.MainWindow - Displaying image of 1 bytes
2024-08-31 20:11:44,977 [10] INFO  BroadcastClient.MainWindow - Displaying image of 1 bytes
2024-08-31 20:11:45,011 [10] INFO  BroadcastClient.MainWindow - Displaying image of 1 bytes
2024-08-31 20:11:45,052 [10] INFO  BroadcastClient.MainWindow - Displaying image of 1 bytes
2024-08-31 20:11:45,094 [10] INFO  BroadcastClient.MainWindow - Displaying image of 1 bytes
2024-08-31 20:11:45,126 [10] INFO  BroadcastClient.MainWindow - Displaying image of 1 bytes
2024-08-31 20:11:45,161 [10] INFO  BroadcastClient.MainWindow - Displaying image of 1 bytes
2024-08-31 20:11:45,194 [10] INFO  BroadcastClient.MainWindow - Displaying image of 1 bytes
2024-08-31 20:11:45,226 [10] INFO  BroadcastClient.MainWindow - Displaying image of 1 bytes
2024-08-31 20:11:45,268 [10] INFO  BroadcastClient.MainWindow - Displaying image of 1 bytes
2024-08-31 20:11:45,309 [10] INFO  BroadcastClient.MainWindow - Displaying image of 1 bytes
2024-08-31 20:11:45,344 [10] INFO  BroadcastClient.MainWindow - Displaying image of 1 bytes
2024-08-31 20:11:45,376 [10] INFO  BroadcastClient.MainWindow - Displaying image of 1 bytes
2024-08-31 20:11:45,413 [10] INFO  BroadcastClient.MainWindow - Displaying image of 1 bytes
2024-08-31 20:11:45,459 [10] INFO  BroadcastClient.MainWindow - Displaying image of 1 bytes
2024-08-31 20:11:45,500 [10] INFO  BroadcastClient.MainWindow - Displaying image of 1 bytes
2024-08-31 20:11:45,545 [10] INFO  BroadcastClient.MainWindow - Displaying image of 1 bytes
2024-08-31 20:11:45,578 [10] INFO  BroadcastClient.MainWindow - Displaying image of 1 bytes
2024-08-31 20:11:45,612 [10] INFO  BroadcastClient.MainWindow - Displaying image of 1 bytes
2024-08-31 20:11:45,646 [10] INFO  BroadcastClient.MainWindow - Displaying image of 1 bytes
2024-08-31 20:11:45,675 [10] INFO  BroadcastClient.MainWindow - Displaying image of 1 bytes
2024-08-31 20:11:45,722 [10] INFO  BroadcastClient.MainWindow - Displaying image of 1 bytes
2024-08-31 20:11:45,759 [10] INFO  BroadcastClient.MainWindow - Displaying image of 1 bytes
2024-08-31 20:11:45,794 [10] INFO  BroadcastClient.MainWindow - Displaying image of 1 bytes
2024-08-31 20:11:45,829 [10] INFO  BroadcastClient.MainWindow - Displaying image of 1 bytes
2024-08-31 20:11:45,859 [10] INFO  BroadcastClient.MainWindow - Displaying image of 1 bytes
2024-08-31 20:11:45,893 [10] INFO  BroadcastClient.MainWindow - Displaying image of 1 bytes
2024-08-31 20:11:45,934 [10] INFO  BroadcastClient.MainWindow - Displaying image of 1 bytes
2024-08-31 20:11:45,975 [10] INFO  BroadcastClient.MainWindow - Displaying image of 1 bytes
2024-08-31 20:11:46,009 [10] INFO  BroadcastClient.MainWindow - Displaying image of 1 bytes
2024-08-31 20:11:46,044 [10] INFO  BroadcastClient.MainWindow - Displaying image of 1 bytes
2024-08-31 20:11:46,077 [10] INFO  BroadcastClient.MainWindow - Displaying image of 1 bytes
2024-08-31 20:11:46,110 [10] INFO  BroadcastClient.MainWindow - Displaying image of 1 bytes
2024-08-31 20:11:46,149 [10] INFO  BroadcastClient.MainWindow - Displaying image of 1 bytes
2024-08-31 20:11:46,191 [10] INFO  BroadcastClient.MainWindow - Displaying image of 1 bytes
2024-08-31 20:11:46,225 [10] INFO  BroadcastClient.MainWindow - Displaying image of 1 bytes
2024-08-31 20:11:46,262 [10] INFO  BroadcastClient.MainWindow - Displaying image of 1 bytes
2024-08-31 20:11:46,309 [10] INFO  BroadcastClient.MainWindow - Displaying image of 1 bytes
2024-08-31 20:11:46,350 [10] INFO  BroadcastClient.MainWindow - Displaying image of 1 bytes
2024-08-31 20:11:46,392 [10] INFO  BroadcastClient.MainWindow - Displaying image of 1 bytes
2024-08-31 20:11:46,426 [10] INFO  BroadcastClient.MainWindow - Displaying image of 1 bytes
2024-08-31 20:11:46,460 [10] INFO  BroadcastClient.MainWindow - Displaying image of 1 bytes
2024-08-31 20:11:46,500 [10] INFO  BroadcastClient.MainWindow - Displaying image of 1 bytes
2024-08-31 20:11:46,549 [10] INFO  BroadcastClient.MainWindow - Displaying image of 1 bytes
2024-08-31 20:11:46,593 [10] INFO  BroadcastClient.MainWindow - Displaying image of 1 bytes
2024-08-31 20:11:46,625 [10] INFO  BroadcastClient.MainWindow - Displaying image of 1 bytes
2024-08-31 20:11:46,663 [10] INFO  BroadcastClient.MainWindow - Displaying image of 1 bytes
2024-08-31 20:11:46,845 [10] INFO  BroadcastClient.MainWindow - Displaying image of 1 bytes
2024-08-31 20:11:46,878 [10] INFO  BroadcastClient.MainWindow - Displaying image of 1 bytes
2024-08-31 20:11:46,903 [10] INFO  BroadcastClient.MainWindow - Displaying image of 1 bytes
2024-08-31 20:11:46,925 [10] INFO  BroadcastClient.MainWindow - Displaying image of 1 bytes
2024-08-31 20:11:46,961 [10] INFO  BroadcastClient.MainWindow - Displaying image of 1 bytes
2024-08-31 20:11:47,018 [10] INFO  BroadcastClient.MainWindow - Displaying image of 1 bytes
2024-08-31 20:11:47,063 [10] INFO  BroadcastClient.MainWindow - Displaying image of 1 bytes
2024-08-31 20:11:47,112 [10] INFO  BroadcastClient.MainWindow - Displaying image of 1 bytes
2024-08-31 20:11:47,164 [10] INFO  BroadcastClient.MainWindow - Displaying image of 1 bytes
2024-08-31 20:11:47,214 [10] INFO  BroadcastClient.MainWindow - Displaying image of 1 bytes
2024-08-31 20:11:47,261 [10] INFO  BroadcastClient.MainWindow - Displaying image of 1 bytes
2024-08-31 20:11:47,315 [10] INFO  BroadcastClient.MainWindow - Displaying image of 1 bytes
2024-08-31 20:11:47,364 [10] INFO  BroadcastClient.MainWindow - Displaying image of 1 bytes
2024-08-31 20:11:47,430 [10] INFO  BroadcastClient.MainWindow - Displaying image of 1 bytes
2024-08-31 20:11:47,466 [10] INFO  BroadcastClient.MainWindow - Displaying image of 1 bytes
2024-08-31 20:11:47,514 [10] INFO  BroadcastClient.MainWindow - Displaying image of 1 bytes
2024-08-31 20:11:47,563 [10] INFO  BroadcastClient.MainWindow - Displaying image of 1 bytes
2024-08-31 20:11:47,615 [10] INFO  BroadcastClient.MainWindow - Displaying image of 1 bytes
2024-08-31 20:11:47,674 [10] INFO  BroadcastClient.MainWindow - Displaying image of 1 bytes
2024-08-31 20:11:47,712 [10] INFO  BroadcastClient.MainWindow - Displaying image of 1 bytes
2024-08-31 20:11:47,757 [10] INFO  BroadcastClient.MainWindow - Displaying image of 1 bytes
2024-08-31 20:11:47,828 [10] INFO  BroadcastClient.MainWindow - Displaying image of 1 bytes
2024-08-31 20:11:47,855 [10] INFO  BroadcastClient.MainWindow - Displaying image of 1 bytes
2024-08-31 20:11:47,887 [10] INFO  BroadcastClient.MainWindow - Displaying image of 1 bytes
2024-08-31 20:11:47,925 [10] INFO  BroadcastClient.MainWindow - Displaying image of 1 bytes
2024-08-31 20:11:47,958 [10] INFO  BroadcastClient.MainWindow - Displaying image of 1 bytes
2024-08-31 20:11:48,005 [10] INFO  BroadcastClient.MainWindow - Displaying image of 1 bytes
2024-08-31 20:11:48,041 [10] INFO  BroadcastClient.MainWindow - Displaying image of 1 bytes
2024-08-31 20:11:48,144 [10] INFO  BroadcastClient.MainWindow - Displaying image of 1 bytes
2024-08-31 20:11:48,160 [10] INFO  BroadcastClient.MainWindow - Displaying image of 1 bytes
2024-08-31 20:11:48,189 [10] INFO  BroadcastClient.MainWindow - Displaying image of 1 bytes
2024-08-31 20:11:48,229 [10] INFO  BroadcastClient.MainWindow - Displaying image of 1 bytes
2024-08-31 20:11:48,280 [10] INFO  BroadcastClient.MainWindow - Displaying image of 1 bytes
2024-08-31 20:11:48,332 [10] INFO  BroadcastClient.MainWindow - Displaying image of 1 bytes
2024-08-31 20:11:48,376 [10] INFO  BroadcastClient.MainWindow - Displaying image of 1 bytes
2024-08-31 20:11:48,424 [10] INFO  BroadcastClient.MainWindow - Displaying image of 1 bytes
2024-08-31 20:11:48,506 [10] INFO  BroadcastClient.MainWindow - Displaying image of 1 bytes
2024-08-31 20:11:48,537 [10] INFO  BroadcastClient.MainWindow - Displaying image of 1 bytes
2024-08-31 20:11:48,566 [10] INFO  BroadcastClient.MainWindow - Displaying image of 1 bytes
2024-08-31 20:11:48,594 [10] INFO  BroadcastClient.MainWindow - Displaying image of 1 bytes
2024-08-31 20:11:48,666 [10] INFO  BroadcastClient.MainWindow - Displaying image of 1 bytes
2024-08-31 20:11:48,708 [10] INFO  BroadcastClient.MainWindow - Displaying image of 1 bytes
2024-08-31 20:11:48,816 [10] INFO  BroadcastClient.MainWindow - Displaying image of 1 bytes
2024-08-31 20:11:48,832 [10] INFO  BroadcastClient.MainWindow - Displaying image of 1 bytes
2024-08-31 20:11:48,852 [10] INFO  BroadcastClient.MainWindow - Displaying image of 1 bytes
2024-08-31 20:11:48,883 [10] INFO  BroadcastClient.MainWindow - Displaying image of 1 bytes
2024-08-31 20:11:48,925 [10] INFO  BroadcastClient.MainWindow - Displaying image of 1 bytes
2024-08-31 20:11:48,962 [10] INFO  BroadcastClient.MainWindow - Displaying image of 1 bytes
2024-08-31 20:11:49,010 [10] INFO  BroadcastClient.MainWindow - Displaying image of 1 bytes
2024-08-31 20:11:49,062 [10] INFO  BroadcastClient.MainWindow - Displaying image of 1 bytes
2024-08-31 20:11:49,112 [10] INFO  BroadcastClient.MainWindow - Displaying image of 1 bytes
2024-08-31 20:11:49,164 [10] INFO  BroadcastClient.MainWindow - Displaying image of 1 bytes
2024-08-31 20:11:49,214 [10] INFO  BroadcastClient.MainWindow - Displaying image of 1 bytes
2024-08-31 20:11:49,259 [10] INFO  BroadcastClient.MainWindow - Displaying image of 1 bytes
2024-08-31 20:11:49,312 [10] INFO  BroadcastClient.MainWindow - Displaying image of 1 bytes
2024-08-31 20:11:49,360 [10] INFO  BroadcastClient.MainWindow - Displaying image of 1 bytes
2024-08-31 20:11:49,406 [10] INFO  BroadcastClient.MainWindow - Displaying image of 1 bytes
2024-08-31 20:11:49,443 [10] INFO  BroadcastClient.MainWindow - Displaying image of 1 bytes
2024-08-31 20:11:49,490 [10] INFO  BroadcastClient.MainWindow - Displaying image of 1 bytes
2024-08-31 20:11:49,524 [10] INFO  BroadcastClient.MainWindow - Displaying image of 1 bytes
2024-08-31 20:11:49,574 [10] INFO  BroadcastClient.MainWindow - Displaying image of 1 bytes
2024-08-31 20:11:49,606 [10] INFO  BroadcastClient.MainWindow - Displaying image of 1 bytes
2024-08-31 20:11:49,640 [10] INFO  BroadcastClient.MainWindow - Displaying image of 1 bytes
2024-08-31 20:11:49,675 [10] INFO  BroadcastClient.MainWindow - Displaying image of 1 bytes
2024-08-31 20:11:49,706 [10] INFO  BroadcastClient.MainWindow - Displaying image of 1 bytes
2024-08-31 20:11:49,748 [10] INFO  BroadcastClient.MainWindow - Displaying image of 1 bytes
2024-08-31 20:11:49,795 [10] INFO  BroadcastClient.MainWindow - Displaying image of 1 bytes
2024-08-31 20:11:49,838 [10] INFO  BroadcastClient.MainWindow - Displaying image of 1 bytes
2024-08-31 20:11:49,873 [10] INFO  BroadcastClient.MainWindow - Displaying image of 1 bytes
2024-08-31 20:11:49,907 [10] INFO  BroadcastClient.MainWindow - Displaying image of 1 bytes
2024-08-31 20:11:49,938 [10] INFO  BroadcastClient.MainWindow - Displaying image of 1 bytes
2024-08-31 20:11:49,978 [10] INFO  BroadcastClient.MainWindow - Displaying image of 1 bytes
2024-08-31 20:11:50,024 [10] INFO  BroadcastClient.MainWindow - Displaying image of 1 bytes
2024-08-31 20:11:50,055 [10] INFO  BroadcastClient.MainWindow - Displaying image of 1 bytes
2024-08-31 20:11:50,090 [10] INFO  BroadcastClient.MainWindow - Displaying image of 1 bytes
2024-08-31 20:11:50,122 [10] INFO  BroadcastClient.MainWindow - Displaying image of 1 bytes
2024-08-31 20:11:50,156 [10] INFO  BroadcastClient.MainWindow - Displaying image of 1 bytes
2024-08-31 20:11:50,192 [10] INFO  BroadcastClient.MainWindow - Displaying image of 1 bytes
2024-08-31 20:11:50,241 [10] INFO  BroadcastClient.MainWindow - Displaying image of 1 bytes
2024-08-31 20:11:50,290 [10] INFO  BroadcastClient.MainWindow - Displaying image of 1 bytes
2024-08-31 20:11:50,322 [10] INFO  BroadcastClient.MainWindow - Displaying image of 1 bytes
2024-08-31 20:11:50,360 [10] INFO  BroadcastClient.MainWindow - Displaying image of 1 bytes
2024-08-31 20:11:50,410 [10] INFO  BroadcastClient.MainWindow - Displaying image of 1 bytes
2024-08-31 20:11:50,463 [10] INFO  BroadcastClient.MainWindow - Displaying image of 1 bytes
2024-08-31 20:11:50,506 [10] INFO  BroadcastClient.MainWindow - Displaying image of 1 bytes
2024-08-31 20:11:50,541 [10] INFO  BroadcastClient.MainWindow - Displaying image of 1 bytes
2024-08-31 20:11:50,592 [10] INFO  BroadcastClient.MainWindow - Displaying image of 1 bytes
2024-08-31 20:11:50,644 [10] INFO  BroadcastClient.MainWindow - Displaying image of 1 bytes
2024-08-31 20:11:50,690 [10] INFO  BroadcastClient.MainWindow - Displaying image of 1 bytes
2024-08-31 20:11:50,721 [10] INFO  BroadcastClient.MainWindow - Displaying image of 1 bytes
2024-08-31 20:11:50,774 [10] INFO  BroadcastClient.MainWindow - Displaying image of 1 bytes
2024-08-31 20:11:50,805 [10] INFO  BroadcastClient.MainWindow - Displaying image of 1 bytes
2024-08-31 20:11:50,839 [10] INFO  BroadcastClient.MainWindow - Displaying image of 1 bytes
2024-08-31 20:11:50,883 [10] INFO  BroadcastClient.MainWindow - Displaying image of 1 bytes
2024-08-31 20:11:50,924 [10] INFO  BroadcastClient.MainWindow - Displaying image of 1 bytes
2024-08-31 20:11:50,974 [10] INFO  BroadcastClient.MainWindow - Displaying image of 1 bytes
2024-08-31 20:11:51,027 [10] INFO  BroadcastClient.MainWindow - Displaying image of 1 bytes
2024-08-31 20:11:51,083 [10] INFO  BroadcastClient.MainWindow - Displaying image of 1 bytes
2024-08-31 20:11:51,125 [10] INFO  BroadcastClient.MainWindow - Displaying image of 1 bytes
2024-08-31 20:11:51,174 [10] INFO  BroadcastClient.MainWindow - Displaying image of 1 bytes
2024-08-31 20:11:51,225 [10] INFO  BroadcastClient.MainWindow - Displaying image of 1 bytes
2024-08-31 20:11:51,271 [10] INFO  BroadcastClient.MainWindow - Displaying image of 1 bytes
2024-08-31 20:11:51,320 [10] INFO  BroadcastClient.MainWindow - Displaying image of 1 bytes
2024-08-31 20:11:51,356 [10] INFO  BroadcastClient.MainWindow - Displaying image of 1 bytes
2024-08-31 20:11:51,391 [10] INFO  BroadcastClient.MainWindow - Displaying image of 1 bytes
2024-08-31 20:11:51,442 [10] INFO  BroadcastClient.MainWindow - Displaying image of 1 bytes
2024-08-31 20:11:51,491 [10] INFO  BroadcastClient.MainWindow - Displaying image of 1 bytes
2024-08-31 20:11:51,548 [10] INFO  BroadcastClient.MainWindow - Displaying image of 1 bytes
2024-08-31 20:11:51,591 [10] INFO  BroadcastClient.MainWindow - Displaying image of 1 bytes
2024-08-31 20:11:51,641 [10] INFO  BroadcastClient.MainWindow - Displaying image of 1 bytes
2024-08-31 20:11:51,709 [10] INFO  BroadcastClient.MainWindow - Displaying image of 1 bytes
2024-08-31 20:11:51,762 [10] INFO  BroadcastClient.MainWindow - Displaying image of 1 bytes
2024-08-31 20:11:51,793 [10] INFO  BroadcastClient.MainWindow - Displaying image of 1 bytes
2024-08-31 20:11:51,836 [10] INFO  BroadcastClient.MainWindow - Displaying image of 1 bytes
2024-08-31 20:11:51,882 [10] INFO  BroadcastClient.MainWindow - Displaying image of 1 bytes
2024-08-31 20:11:51,924 [10] INFO  BroadcastClient.MainWindow - Displaying image of 1 bytes
2024-08-31 20:11:51,980 [10] INFO  BroadcastClient.MainWindow - Displaying image of 1 bytes
2024-08-31 20:11:52,023 [10] INFO  BroadcastClient.MainWindow - Displaying image of 1 bytes
2024-08-31 20:11:52,086 [10] INFO  BroadcastClient.MainWindow - Displaying image of 1 bytes
2024-08-31 20:11:52,106 [10] INFO  BroadcastClient.MainWindow - Displaying image of 1 bytes
2024-08-31 20:11:52,140 [10] INFO  BroadcastClient.MainWindow - Displaying image of 1 bytes
2024-08-31 20:11:52,209 [10] INFO  BroadcastClient.MainWindow - Displaying image of 1 bytes
2024-08-31 20:11:52,247 [10] INFO  BroadcastClient.MainWindow - Displaying image of 1 bytes
2024-08-31 20:11:52,290 [10] INFO  BroadcastClient.MainWindow - Displaying image of 1 bytes
2024-08-31 20:11:52,342 [10] INFO  BroadcastClient.MainWindow - Displaying image of 1 bytes
2024-08-31 20:11:52,400 [10] INFO  BroadcastClient.MainWindow - Displaying image of 1 bytes
2024-08-31 20:11:52,448 [10] INFO  BroadcastClient.MainWindow - Displaying image of 1 bytes
2024-08-31 20:11:52,488 [10] INFO  BroadcastClient.MainWindow - Displaying image of 1 bytes
2024-08-31 20:11:52,543 [10] INFO  BroadcastClient.MainWindow - Displaying image of 1 bytes
2024-08-31 20:11:52,597 [10] INFO  BroadcastClient.MainWindow - Displaying image of 1 bytes
2024-08-31 20:11:52,647 [10] INFO  BroadcastClient.MainWindow - Displaying image of 1 bytes
2024-08-31 20:11:52,688 [10] INFO  BroadcastClient.MainWindow - Displaying image of 1 bytes
2024-08-31 20:11:52,725 [10] INFO  BroadcastClient.MainWindow - Displaying image of 1 bytes
2024-08-31 20:11:52,774 [10] INFO  BroadcastClient.MainWindow - Displaying image of 1 bytes
2024-08-31 20:11:52,823 [10] INFO  BroadcastClient.MainWindow - Displaying image of 1 bytes
2024-08-31 20:11:52,871 [10] INFO  BroadcastClient.MainWindow - Displaying image of 1 bytes
2024-08-31 20:11:52,906 [10] INFO  BroadcastClient.MainWindow - Displaying image of 1 bytes
2024-08-31 20:11:52,955 [10] INFO  BroadcastClient.MainWindow - Displaying image of 1 bytes
2024-08-31 20:11:53,005 [10] INFO  BroadcastClient.MainWindow - Displaying image of 1 bytes
2024-08-31 20:11:53,061 [10] INFO  BroadcastClient.MainWindow - Displaying image of 1 bytes
2024-08-31 20:11:53,106 [10] INFO  BroadcastClient.MainWindow - Displaying image of 1 bytes
2024-08-31 20:11:53,156 [10] INFO  BroadcastClient.MainWindow - Displaying image of 1 bytes
2024-08-31 20:11:53,203 [10] INFO  BroadcastClient.MainWindow - Displaying image of 1 bytes
2024-08-31 20:11:53,244 [10] INFO  BroadcastClient.MainWindow - Displaying image of 1 bytes
2024-08-31 20:11:53,289 [10] INFO  BroadcastClient.MainWindow - Displaying image of 1 bytes
2024-08-31 20:11:53,338 [10] INFO  BroadcastClient.MainWindow - Displaying image of 1 bytes
2024-08-31 20:11:53,375 [10] INFO  BroadcastClient.MainWindow - Displaying image of 1 bytes
2024-08-31 20:11:53,421 [10] INFO  BroadcastClient.MainWindow - Displaying image of 1 bytes
2024-08-31 20:11:53,474 [10] INFO  BroadcastClient.MainWindow - Displaying image of 1 bytes
2024-08-31 20:11:53,521 [10] INFO  BroadcastClient.MainWindow - Displaying image of 1 bytes
2024-08-31 20:11:53,553 [10] INFO  BroadcastClient.MainWindow - Displaying image of 1 bytes
2024-08-31 20:11:53,588 [10] INFO  BroadcastClient.MainWindow - Displaying image of 1 bytes
2024-08-31 20:11:53,622 [10] INFO  BroadcastClient.MainWindow - Displaying image of 1 bytes
2024-08-31 20:11:53,732 [10] INFO  BroadcastClient.MainWindow - Displaying image of 1 bytes
2024-08-31 20:11:53,797 [10] INFO  BroadcastClient.MainWindow - Displaying image of 1 bytes
2024-08-31 20:11:53,864 [10] INFO  BroadcastClient.MainWindow - Displaying image of 1 bytes
2024-08-31 20:11:53,924 [10] INFO  BroadcastClient.MainWindow - Displaying image of 1 bytes
2024-08-31 20:11:53,971 [10] INFO  BroadcastClient.MainWindow - Displaying image of 1 bytes
2024-08-31 20:11:54,003 [10] INFO  BroadcastClient.MainWindow - Displaying image of 1 bytes
2024-08-31 20:11:54,053 [10] INFO  BroadcastClient.MainWindow - Displaying image of 1 bytes
2024-08-31 20:11:54,093 [10] INFO  BroadcastClient.MainWindow - Displaying image of 1 bytes
2024-08-31 20:11:54,136 [10] INFO  BroadcastClient.MainWindow - Displaying image of 1 bytes
2024-08-31 20:11:54,170 [10] INFO  BroadcastClient.MainWindow - Displaying image of 1 bytes
2024-08-31 20:11:54,203 [10] INFO  BroadcastClient.MainWindow - Displaying image of 1 bytes
2024-08-31 20:11:54,236 [10] INFO  BroadcastClient.MainWindow - Displaying image of 1 bytes
2024-08-31 20:11:54,290 [10] INFO  BroadcastClient.MainWindow - Displaying image of 1 bytes
2024-08-31 20:11:54,342 [10] INFO  BroadcastClient.MainWindow - Displaying image of 1 bytes
2024-08-31 20:11:54,388 [10] INFO  BroadcastClient.MainWindow - Displaying image of 1 bytes
2024-08-31 20:11:54,420 [10] INFO  BroadcastClient.MainWindow - Displaying image of 1 bytes
2024-08-31 20:11:54,456 [10] INFO  BroadcastClient.MainWindow - Displaying image of 1 bytes
2024-08-31 20:11:54,510 [10] INFO  BroadcastClient.MainWindow - Displaying image of 1 bytes
2024-08-31 20:11:54,555 [10] INFO  BroadcastClient.MainWindow - Displaying image of 1 bytes
2024-08-31 20:11:54,603 [10] INFO  BroadcastClient.MainWindow - Displaying image of 1 bytes
2024-08-31 20:11:54,638 [10] INFO  BroadcastClient.MainWindow - Displaying image of 1 bytes
2024-08-31 20:11:54,689 [10] INFO  BroadcastClient.MainWindow - Displaying image of 1 bytes
2024-08-31 20:11:54,743 [10] INFO  BroadcastClient.MainWindow - Displaying image of 1 bytes
2024-08-31 20:11:54,789 [10] INFO  BroadcastClient.MainWindow - Displaying image of 1 bytes
2024-08-31 20:11:54,836 [10] INFO  BroadcastClient.MainWindow - Displaying image of 1 bytes
2024-08-31 20:11:54,870 [10] INFO  BroadcastClient.MainWindow - Displaying image of 1 bytes
2024-08-31 20:11:54,903 [10] INFO  BroadcastClient.MainWindow - Displaying image of 1 bytes
2024-08-31 20:11:54,943 [10] INFO  BroadcastClient.MainWindow - Displaying image of 1 bytes
2024-08-31 20:11:54,987 [10] INFO  BroadcastClient.MainWindow - Displaying image of 1 bytes
2024-08-31 20:11:55,019 [10] INFO  BroadcastClient.MainWindow - Displaying image of 1 bytes
2024-08-31 20:11:55,051 [10] INFO  BroadcastClient.MainWindow - Displaying image of 1 bytes
2024-08-31 20:11:55,086 [10] INFO  BroadcastClient.MainWindow - Displaying image of 1 bytes
2024-08-31 20:11:55,118 [10] INFO  BroadcastClient.MainWindow - Displaying image of 1 bytes
2024-08-31 20:11:55,159 [10] INFO  BroadcastClient.MainWindow - Displaying image of 1 bytes
2024-08-31 20:11:55,202 [10] INFO  BroadcastClient.MainWindow - Displaying image of 1 bytes
2024-08-31 20:11:55,236 [10] INFO  BroadcastClient.MainWindow - Displaying image of 1 bytes
2024-08-31 20:11:55,270 [10] INFO  BroadcastClient.MainWindow - Displaying image of 1 bytes
2024-08-31 20:11:55,301 [10] INFO  BroadcastClient.MainWindow - Displaying image of 1 bytes
2024-08-31 20:11:55,339 [10] INFO  BroadcastClient.MainWindow - Displaying image of 1 bytes
2024-08-31 20:11:55,396 [10] INFO  BroadcastClient.MainWindow - Displaying image of 1 bytes
2024-08-31 20:11:55,437 [10] INFO  BroadcastClient.MainWindow - Displaying image of 1 bytes
2024-08-31 20:11:55,470 [10] INFO  BroadcastClient.MainWindow - Displaying image of 1 bytes
2024-08-31 20:11:55,520 [10] INFO  BroadcastClient.MainWindow - Displaying image of 1 bytes
2024-08-31 20:11:55,551 [10] INFO  BroadcastClient.MainWindow - Displaying image of 1 bytes
2024-08-31 20:11:55,591 [10] INFO  BroadcastClient.MainWindow - Displaying image of 1 bytes
2024-08-31 20:11:55,642 [10] INFO  BroadcastClient.MainWindow - Displaying image of 1 bytes
2024-08-31 20:11:55,693 [10] INFO  BroadcastClient.MainWindow - Displaying image of 1 bytes
2024-08-31 20:11:55,738 [10] INFO  BroadcastClient.MainWindow - Displaying image of 1 bytes
2024-08-31 20:11:55,791 [10] INFO  BroadcastClient.MainWindow - Displaying image of 1 bytes
2024-08-31 20:11:55,840 [10] INFO  BroadcastClient.MainWindow - Displaying image of 1 bytes
2024-08-31 20:11:55,891 [10] INFO  BroadcastClient.MainWindow - Displaying image of 1 bytes
2024-08-31 20:11:55,935 [10] INFO  BroadcastClient.MainWindow - Displaying image of 1 bytes
2024-08-31 20:11:55,971 [10] INFO  BroadcastClient.MainWindow - Displaying image of 1 bytes
2024-08-31 20:11:56,020 [10] INFO  BroadcastClient.MainWindow - Displaying image of 1 bytes
2024-08-31 20:11:56,070 [10] INFO  BroadcastClient.MainWindow - Displaying image of 1 bytes
2024-08-31 20:11:56,117 [10] INFO  BroadcastClient.MainWindow - Displaying image of 1 bytes
2024-08-31 20:11:56,150 [10] INFO  BroadcastClient.MainWindow - Displaying image of 1 bytes
2024-08-31 20:11:56,184 [10] INFO  BroadcastClient.MainWindow - Displaying image of 1 bytes
2024-08-31 20:11:56,217 [10] INFO  BroadcastClient.MainWindow - Displaying image of 1 bytes
2024-08-31 20:11:56,257 [10] INFO  BroadcastClient.MainWindow - Displaying image of 1 bytes
2024-08-31 20:11:56,302 [10] INFO  BroadcastClient.MainWindow - Displaying image of 1 bytes
2024-08-31 20:11:56,335 [10] INFO  BroadcastClient.MainWindow - Displaying image of 1 bytes
2024-08-31 20:11:56,367 [10] INFO  BroadcastClient.MainWindow - Displaying image of 1 bytes
2024-08-31 20:11:56,402 [10] INFO  BroadcastClient.MainWindow - Displaying image of 1 bytes
2024-08-31 20:11:56,437 [10] INFO  BroadcastClient.MainWindow - Displaying image of 1 bytes
2024-08-31 20:11:56,483 [10] INFO  BroadcastClient.MainWindow - Displaying image of 1 bytes
2024-08-31 20:11:56,516 [10] INFO  BroadcastClient.MainWindow - Displaying image of 1 bytes
2024-08-31 20:11:56,551 [10] INFO  BroadcastClient.MainWindow - Displaying image of 1 bytes
2024-08-31 20:11:56,584 [10] INFO  BroadcastClient.MainWindow - Displaying image of 1 bytes
2024-08-31 20:11:56,618 [10] INFO  BroadcastClient.MainWindow - Displaying image of 1 bytes
2024-08-31 20:11:56,653 [10] INFO  BroadcastClient.MainWindow - Displaying image of 1 bytes
2024-08-31 20:11:56,704 [10] INFO  BroadcastClient.MainWindow - Displaying image of 1 bytes
2024-08-31 20:11:56,754 [10] INFO  BroadcastClient.MainWindow - Displaying image of 1 bytes
2024-08-31 20:11:56,802 [10] INFO  BroadcastClient.MainWindow - Displaying image of 1 bytes
2024-08-31 20:11:56,833 [10] INFO  BroadcastClient.MainWindow - Displaying image of 1 bytes
2024-08-31 20:11:56,876 [10] INFO  BroadcastClient.MainWindow - Displaying image of 1 bytes
2024-08-31 20:11:56,921 [10] INFO  BroadcastClient.MainWindow - Displaying image of 1 bytes
2024-08-31 20:11:56,967 [10] INFO  BroadcastClient.MainWindow - Displaying image of 1 bytes
2024-08-31 20:11:57,001 [10] INFO  BroadcastClient.MainWindow - Displaying image of 1 bytes
2024-08-31 20:11:57,040 [10] INFO  BroadcastClient.MainWindow - Displaying image of 1 bytes
2024-08-31 20:11:57,090 [10] INFO  BroadcastClient.MainWindow - Displaying image of 1 bytes
2024-08-31 20:11:57,133 [10] INFO  BroadcastClient.MainWindow - Displaying image of 1 bytes
2024-08-31 20:11:57,168 [10] INFO  BroadcastClient.MainWindow - Displaying image of 1 bytes
2024-08-31 20:11:57,217 [10] INFO  BroadcastClient.MainWindow - Displaying image of 1 bytes
2024-08-31 20:11:57,250 [10] INFO  BroadcastClient.MainWindow - Displaying image of 1 bytes
2024-08-31 20:11:57,288 [10] INFO  BroadcastClient.MainWindow - Displaying image of 1 bytes
2024-08-31 20:11:57,333 [10] INFO  BroadcastClient.MainWindow - Displaying image of 1 bytes
2024-08-31 20:11:57,366 [10] INFO  BroadcastClient.MainWindow - Displaying image of 1 bytes
2024-08-31 20:11:57,400 [10] INFO  BroadcastClient.MainWindow - Displaying image of 1 bytes
2024-08-31 20:11:57,432 [10] INFO  BroadcastClient.MainWindow - Displaying image of 1 bytes
2024-08-31 20:11:57,466 [10] INFO  BroadcastClient.MainWindow - Displaying image of 1 bytes
2024-08-31 20:11:57,503 [10] INFO  BroadcastClient.MainWindow - Displaying image of 1 bytes
2024-08-31 20:11:57,552 [10] INFO  BroadcastClient.MainWindow - Displaying image of 1 bytes
2024-08-31 20:11:57,598 [10] INFO  BroadcastClient.MainWindow - Displaying image of 1 bytes
2024-08-31 20:11:57,632 [10] INFO  BroadcastClient.MainWindow - Displaying image of 1 bytes
2024-08-31 20:11:57,667 [10] INFO  BroadcastClient.MainWindow - Displaying image of 1 bytes
2024-08-31 20:11:57,700 [10] INFO  BroadcastClient.MainWindow - Displaying image of 1 bytes
2024-08-31 20:11:57,739 [10] INFO  BroadcastClient.MainWindow - Displaying image of 1 bytes
2024-08-31 20:11:57,783 [10] INFO  BroadcastClient.MainWindow - Displaying image of 1 bytes
2024-08-31 20:11:57,819 [10] INFO  BroadcastClient.MainWindow - Displaying image of 1 bytes
2024-08-31 20:11:57,870 [10] INFO  BroadcastClient.MainWindow - Displaying image of 1 bytes
2024-08-31 20:11:57,917 [10] INFO  BroadcastClient.MainWindow - Displaying image of 1 bytes
2024-08-31 20:11:57,959 [10] INFO  BroadcastClient.MainWindow - Displaying image of 1 bytes
2024-08-31 20:11:58,004 [10] INFO  BroadcastClient.MainWindow - Displaying image of 1 bytes
2024-08-31 20:11:58,053 [10] INFO  BroadcastClient.MainWindow - Displaying image of 1 bytes
2024-08-31 20:11:58,100 [10] INFO  BroadcastClient.MainWindow - Displaying image of 1 bytes
2024-08-31 20:11:58,148 [10] INFO  BroadcastClient.MainWindow - Displaying image of 1 bytes
2024-08-31 20:11:58,186 [10] INFO  BroadcastClient.MainWindow - Displaying image of 1 bytes
2024-08-31 20:11:58,233 [10] INFO  BroadcastClient.MainWindow - Displaying image of 1 bytes
2024-08-31 20:11:58,266 [10] INFO  BroadcastClient.MainWindow - Displaying image of 1 bytes
2024-08-31 20:11:58,317 [10] INFO  BroadcastClient.MainWindow - Displaying image of 1 bytes
2024-08-31 20:11:58,349 [10] INFO  BroadcastClient.MainWindow - Displaying image of 1 bytes
2024-08-31 20:11:58,385 [10] INFO  BroadcastClient.MainWindow - Displaying image of 1 bytes
2024-08-31 20:11:58,432 [10] INFO  BroadcastClient.MainWindow - Displaying image of 1 bytes
2024-08-31 20:11:58,465 [10] INFO  BroadcastClient.MainWindow - Displaying image of 1 bytes
2024-08-31 20:11:58,498 [10] INFO  BroadcastClient.MainWindow - Displaying image of 1 bytes
2024-08-31 20:11:58,533 [10] INFO  BroadcastClient.MainWindow - Displaying image of 1 bytes
2024-08-31 20:11:58,565 [10] INFO  BroadcastClient.MainWindow - Displaying image of 1 bytes
2024-08-31 20:11:58,630 [10] INFO  BroadcastClient.MainWindow - Displaying image of 1 bytes
2024-08-31 20:11:58,665 [10] INFO  BroadcastClient.MainWindow - Displaying image of 1 bytes
2024-08-31 20:11:58,701 [10] INFO  BroadcastClient.MainWindow - Displaying image of 1 bytes
2024-08-31 20:11:58,737 [10] INFO  BroadcastClient.MainWindow - Displaying image of 1 bytes
2024-08-31 20:11:58,782 [10] INFO  BroadcastClient.MainWindow - Displaying image of 1 bytes
2024-08-31 20:11:58,820 [10] INFO  BroadcastClient.MainWindow - Displaying image of 1 bytes
2024-08-31 20:11:58,865 [10] INFO  BroadcastClient.MainWindow - Displaying image of 1 bytes
2024-08-31 20:11:58,898 [10] INFO  BroadcastClient.MainWindow - Displaying image of 1 bytes
2024-08-31 20:11:58,935 [10] INFO  BroadcastClient.MainWindow - Displaying image of 1 bytes
2024-08-31 20:11:58,983 [10] INFO  BroadcastClient.MainWindow - Displaying image of 1 bytes
2024-08-31 20:11:59,024 [10] INFO  BroadcastClient.MainWindow - Displaying image of 1 bytes
2024-08-31 20:11:59,064 [10] INFO  BroadcastClient.MainWindow - Displaying image of 1 bytes
2024-08-31 20:11:59,101 [10] INFO  BroadcastClient.MainWindow - Displaying image of 1 bytes
2024-08-31 20:11:59,147 [10] INFO  BroadcastClient.MainWindow - Displaying image of 1 bytes
2024-08-31 20:11:59,183 [10] INFO  BroadcastClient.MainWindow - Displaying image of 1 bytes
2024-08-31 20:11:59,234 [10] INFO  BroadcastClient.MainWindow - Displaying image of 1 bytes
2024-08-31 20:11:59,290 [10] INFO  BroadcastClient.MainWindow - Displaying image of 1 bytes
2024-08-31 20:11:59,331 [10] INFO  BroadcastClient.MainWindow - Displaying image of 1 bytes
2024-08-31 20:11:59,366 [10] INFO  BroadcastClient.MainWindow - Displaying image of 1 bytes
2024-08-31 20:11:59,401 [10] INFO  BroadcastClient.MainWindow - Displaying image of 1 bytes
2024-08-31 20:11:59,450 [10] INFO  BroadcastClient.MainWindow - Displaying image of 1 bytes
2024-08-31 20:11:59,490 [10] INFO  BroadcastClient.MainWindow - Displaying image of 1 bytes
2024-08-31 20:11:59,542 [10] INFO  BroadcastClient.MainWindow - Displaying image of 1 bytes
2024-08-31 20:11:59,588 [10] INFO  BroadcastClient.MainWindow - Displaying image of 1 bytes
2024-08-31 20:11:59,630 [10] INFO  BroadcastClient.MainWindow - Displaying image of 1 bytes
2024-08-31 20:11:59,670 [10] INFO  BroadcastClient.MainWindow - Displaying image of 1 bytes
2024-08-31 20:11:59,716 [10] INFO  BroadcastClient.MainWindow - Displaying image of 1 bytes
2024-08-31 20:11:59,751 [10] INFO  BroadcastClient.MainWindow - Displaying image of 1 bytes
2024-08-31 20:11:59,806 [10] INFO  BroadcastClient.MainWindow - Displaying image of 1 bytes
2024-08-31 20:11:59,849 [10] INFO  BroadcastClient.MainWindow - Displaying image of 1 bytes
2024-08-31 20:11:59,899 [10] INFO  BroadcastClient.MainWindow - Displaying image of 1 bytes
2024-08-31 20:11:59,932 [10] INFO  BroadcastClient.MainWindow - Displaying image of 1 bytes
2024-08-31 20:11:59,967 [10] INFO  BroadcastClient.MainWindow - Displaying image of 1 bytes
2024-08-31 20:12:00,016 [10] INFO  BroadcastClient.MainWindow - Displaying image of 1 bytes
2024-08-31 20:12:00,050 [10] INFO  BroadcastClient.MainWindow - Displaying image of 1 bytes
2024-08-31 20:12:00,108 [10] INFO  BroadcastClient.MainWindow - Displaying image of 1 bytes
2024-08-31 20:12:00,165 [10] INFO  BroadcastClient.MainWindow - Displaying image of 1 bytes
2024-08-31 20:12:00,199 [10] INFO  BroadcastClient.MainWindow - Displaying image of 1 bytes
2024-08-31 20:12:00,231 [10] INFO  BroadcastClient.MainWindow - Displaying image of 1 bytes
2024-08-31 20:12:00,265 [10] INFO  BroadcastClient.MainWindow - Displaying image of 1 bytes
2024-08-31 20:12:00,297 [10] INFO  BroadcastClient.MainWindow - Displaying image of 1 bytes
2024-08-31 20:12:00,343 [10] INFO  BroadcastClient.MainWindow - Displaying image of 1 bytes
2024-08-31 20:12:00,386 [10] INFO  BroadcastClient.MainWindow - Displaying image of 1 bytes
2024-08-31 20:12:00,438 [10] INFO  BroadcastClient.MainWindow - Displaying image of 1 bytes
2024-08-31 20:12:00,481 [10] INFO  BroadcastClient.MainWindow - Displaying image of 1 bytes
2024-08-31 20:12:00,516 [10] INFO  BroadcastClient.MainWindow - Displaying image of 1 bytes
2024-08-31 20:12:00,571 [10] INFO  BroadcastClient.MainWindow - Displaying image of 1 bytes
2024-08-31 20:12:00,619 [10] INFO  BroadcastClient.MainWindow - Displaying image of 1 bytes
2024-08-31 20:12:00,651 [10] INFO  BroadcastClient.MainWindow - Displaying image of 1 bytes
2024-08-31 20:12:00,701 [10] INFO  BroadcastClient.MainWindow - Displaying image of 1 bytes
2024-08-31 20:12:00,746 [10] INFO  BroadcastClient.MainWindow - Displaying image of 1 bytes
2024-08-31 20:12:00,792 [10] INFO  BroadcastClient.MainWindow - Displaying image of 1 bytes
2024-08-31 20:12:00,830 [10] INFO  BroadcastClient.MainWindow - Displaying image of 1 bytes
2024-08-31 20:12:00,867 [10] INFO  BroadcastClient.MainWindow - Displaying image of 1 bytes
2024-08-31 20:12:00,912 [10] INFO  BroadcastClient.MainWindow - Displaying image of 1 bytes
2024-08-31 20:12:00,953 [10] INFO  BroadcastClient.MainWindow - Displaying image of 1 bytes
2024-08-31 20:12:01,000 [10] INFO  BroadcastClient.MainWindow - Displaying image of 1 bytes
2024-08-31 20:12:01,046 [10] INFO  BroadcastClient.MainWindow - Displaying image of 1 bytes
2024-08-31 20:12:01,080 [10] INFO  BroadcastClient.MainWindow - Displaying image of 1 bytes
2024-08-31 20:12:01,119 [10] INFO  BroadcastClient.MainWindow - Displaying image of 1 bytes
2024-08-31 20:12:01,171 [10] INFO  BroadcastClient.MainWindow - Displaying image of 1 bytes
2024-08-31 20:12:01,219 [10] INFO  BroadcastClient.MainWindow - Displaying image of 1 bytes
2024-08-31 20:12:01,261 [10] INFO  BroadcastClient.MainWindow - Displaying image of 1 bytes
2024-08-31 20:12:01,300 [10] INFO  BroadcastClient.MainWindow - Displaying image of 1 bytes
2024-08-31 20:12:01,347 [10] INFO  BroadcastClient.MainWindow - Displaying image of 1 bytes
2024-08-31 20:12:01,387 [10] INFO  BroadcastClient.MainWindow - Displaying image of 1 bytes
2024-08-31 20:12:01,442 [10] INFO  BroadcastClient.MainWindow - Displaying image of 1 bytes
2024-08-31 20:12:01,481 [10] INFO  BroadcastClient.MainWindow - Displaying image of 1 bytes
2024-08-31 20:12:01,515 [10] INFO  BroadcastClient.MainWindow - Displaying image of 1 bytes
2024-08-31 20:12:01,554 [10] INFO  BroadcastClient.MainWindow - Displaying image of 1 bytes
2024-08-31 20:12:01,595 [10] INFO  BroadcastClient.MainWindow - Displaying image of 1 bytes
2024-08-31 20:12:01,638 [10] INFO  BroadcastClient.MainWindow - Displaying image of 1 bytes
2024-08-31 20:12:01,684 [10] INFO  BroadcastClient.MainWindow - Displaying image of 1 bytes
2024-08-31 20:12:01,735 [10] INFO  BroadcastClient.MainWindow - Displaying image of 1 bytes
2024-08-31 20:12:01,781 [10] INFO  BroadcastClient.MainWindow - Displaying image of 1 bytes
2024-08-31 20:12:01,814 [10] INFO  BroadcastClient.MainWindow - Displaying image of 1 bytes
2024-08-31 20:12:01,851 [10] INFO  BroadcastClient.MainWindow - Displaying image of 1 bytes
2024-08-31 20:12:01,897 [10] INFO  BroadcastClient.MainWindow - Displaying image of 1 bytes
2024-08-31 20:12:01,931 [10] INFO  BroadcastClient.MainWindow - Displaying image of 1 bytes
2024-08-31 20:12:01,964 [10] INFO  BroadcastClient.MainWindow - Displaying image of 1 bytes
2024-08-31 20:12:02,012 [10] INFO  BroadcastClient.MainWindow - Displaying image of 1 bytes
2024-08-31 20:12:02,048 [10] INFO  BroadcastClient.MainWindow - Displaying image of 1 bytes
2024-08-31 20:12:02,097 [10] INFO  BroadcastClient.MainWindow - Displaying image of 1 bytes
2024-08-31 20:12:02,133 [10] INFO  BroadcastClient.MainWindow - Displaying image of 1 bytes
2024-08-31 20:12:02,181 [10] INFO  BroadcastClient.MainWindow - Displaying image of 1 bytes
2024-08-31 20:12:02,228 [10] INFO  BroadcastClient.MainWindow - Displaying image of 1 bytes
2024-08-31 20:12:02,267 [10] INFO  BroadcastClient.MainWindow - Displaying image of 1 bytes
2024-08-31 20:12:02,315 [10] INFO  BroadcastClient.MainWindow - Displaying image of 1 bytes
2024-08-31 20:12:02,361 [10] INFO  BroadcastClient.MainWindow - Displaying image of 1 bytes
2024-08-31 20:12:02,396 [10] INFO  BroadcastClient.MainWindow - Displaying image of 1 bytes
2024-08-31 20:12:02,433 [10] INFO  BroadcastClient.MainWindow - Displaying image of 1 bytes
2024-08-31 20:12:02,477 [10] INFO  BroadcastClient.MainWindow - Displaying image of 1 bytes
2024-08-31 20:12:02,518 [10] INFO  BroadcastClient.MainWindow - Displaying image of 1 bytes
2024-08-31 20:12:02,566 [10] INFO  BroadcastClient.MainWindow - Displaying image of 1 bytes
2024-08-31 20:12:02,611 [10] INFO  BroadcastClient.MainWindow - Displaying image of 1 bytes
2024-08-31 20:12:02,643 [10] INFO  BroadcastClient.MainWindow - Displaying image of 1 bytes
2024-08-31 20:12:02,681 [10] INFO  BroadcastClient.MainWindow - Displaying image of 1 bytes
2024-08-31 20:12:02,733 [10] INFO  BroadcastClient.MainWindow - Displaying image of 1 bytes
2024-08-31 20:12:02,777 [10] INFO  BroadcastClient.MainWindow - Displaying image of 1 bytes
2024-08-31 20:12:02,811 [10] INFO  BroadcastClient.MainWindow - Displaying image of 1 bytes
2024-08-31 20:12:02,843 [10] INFO  BroadcastClient.MainWindow - Displaying image of 1 bytes
2024-08-31 20:12:02,879 [10] INFO  BroadcastClient.MainWindow - Displaying image of 1 bytes
2024-08-31 20:12:02,914 [10] INFO  BroadcastClient.MainWindow - Displaying image of 1 bytes
2024-08-31 20:12:02,962 [10] INFO  BroadcastClient.MainWindow - Displaying image of 1 bytes
2024-08-31 20:12:02,995 [10] INFO  BroadcastClient.MainWindow - Displaying image of 1 bytes
2024-08-31 20:12:03,029 [10] INFO  BroadcastClient.MainWindow - Displaying image of 1 bytes
2024-08-31 20:12:03,068 [10] INFO  BroadcastClient.MainWindow - Displaying image of 1 bytes
2024-08-31 20:12:03,111 [10] INFO  BroadcastClient.MainWindow - Displaying image of 1 bytes
2024-08-31 20:12:03,154 [10] INFO  BroadcastClient.MainWindow - Displaying image of 1 bytes
2024-08-31 20:12:03,199 [10] INFO  BroadcastClient.MainWindow - Displaying image of 1 bytes
2024-08-31 20:12:03,244 [10] INFO  BroadcastClient.MainWindow - Displaying image of 1 bytes
2024-08-31 20:12:03,280 [10] INFO  BroadcastClient.MainWindow - Displaying image of 1 bytes
2024-08-31 20:12:03,312 [10] INFO  BroadcastClient.MainWindow - Displaying image of 1 bytes
2024-08-31 20:12:03,347 [10] INFO  BroadcastClient.MainWindow - Displaying image of 1 bytes
2024-08-31 20:12:03,393 [10] INFO  BroadcastClient.MainWindow - Displaying image of 1 bytes
2024-08-31 20:12:03,426 [10] INFO  BroadcastClient.MainWindow - Displaying image of 1 bytes
2024-08-31 20:12:03,460 [10] INFO  BroadcastClient.MainWindow - Displaying image of 1 bytes
2024-08-31 20:12:03,495 [10] INFO  BroadcastClient.MainWindow - Displaying image of 1 bytes
2024-08-31 20:12:03,528 [10] INFO  BroadcastClient.MainWindow - Displaying image of 1 bytes
2024-08-31 20:12:03,569 [10] INFO  BroadcastClient.MainWindow - Displaying image of 1 bytes
2024-08-31 20:12:03,610 [10] INFO  BroadcastClient.MainWindow - Displaying image of 1 bytes
2024-08-31 20:12:03,643 [10] INFO  BroadcastClient.MainWindow - Displaying image of 1 bytes
2024-08-31 20:12:03,678 [10] INFO  BroadcastClient.MainWindow - Displaying image of 1 bytes
2024-08-31 20:12:03,714 [10] INFO  BroadcastClient.MainWindow - Displaying image of 1 bytes
2024-08-31 20:12:03,767 [10] INFO  BroadcastClient.MainWindow - Displaying image of 1 bytes
2024-08-31 20:12:03,811 [10] INFO  BroadcastClient.MainWindow - Displaying image of 1 bytes
2024-08-31 20:12:03,843 [10] INFO  BroadcastClient.MainWindow - Displaying image of 1 bytes
2024-08-31 20:12:03,881 [10] INFO  BroadcastClient.MainWindow - Displaying image of 1 bytes
2024-08-31 20:12:03,927 [10] INFO  BroadcastClient.MainWindow - Displaying image of 1 bytes
2024-08-31 20:12:03,964 [10] INFO  BroadcastClient.MainWindow - Displaying image of 1 bytes
2024-08-31 20:12:04,013 [10] INFO  BroadcastClient.MainWindow - Displaying image of 1 bytes
2024-08-31 20:12:04,059 [10] INFO  BroadcastClient.MainWindow - Displaying image of 1 bytes
2024-08-31 20:12:04,095 [10] INFO  BroadcastClient.MainWindow - Displaying image of 1 bytes
2024-08-31 20:12:04,127 [10] INFO  BroadcastClient.MainWindow - Displaying image of 1 bytes
2024-08-31 20:12:04,162 [10] INFO  BroadcastClient.MainWindow - Displaying image of 1 bytes
2024-08-31 20:12:04,215 [10] INFO  BroadcastClient.MainWindow - Displaying image of 1 bytes
2024-08-31 20:12:04,259 [10] INFO  BroadcastClient.MainWindow - Displaying image of 1 bytes
2024-08-31 20:12:04,293 [10] INFO  BroadcastClient.MainWindow - Displaying image of 1 bytes
2024-08-31 20:12:04,327 [10] INFO  BroadcastClient.MainWindow - Displaying image of 1 bytes
2024-08-31 20:12:04,359 [10] INFO  BroadcastClient.MainWindow - Displaying image of 1 bytes
2024-08-31 20:12:04,400 [10] INFO  BroadcastClient.MainWindow - Displaying image of 1 bytes
2024-08-31 20:12:04,447 [10] INFO  BroadcastClient.MainWindow - Displaying image of 1 bytes
2024-08-31 20:12:04,498 [10] INFO  BroadcastClient.MainWindow - Displaying image of 1 bytes
2024-08-31 20:12:04,548 [10] INFO  BroadcastClient.MainWindow - Displaying image of 1 bytes
2024-08-31 20:12:04,596 [10] INFO  BroadcastClient.MainWindow - Displaying image of 1 bytes
2024-08-31 20:12:04,650 [10] INFO  BroadcastClient.MainWindow - Displaying image of 1 bytes
2024-08-31 20:12:04,696 [10] INFO  BroadcastClient.MainWindow - Displaying image of 1 bytes
2024-08-31 20:12:04,749 [10] INFO  BroadcastClient.MainWindow - Displaying image of 1 bytes
2024-08-31 20:12:04,796 [10] INFO  BroadcastClient.MainWindow - Displaying image of 1 bytes
2024-08-31 20:12:04,852 [10] INFO  BroadcastClient.MainWindow - Displaying image of 1 bytes
2024-08-31 20:12:04,914 [10] INFO  BroadcastClient.MainWindow - Displaying image of 1 bytes
2024-08-31 20:12:04,975 [10] INFO  BroadcastClient.MainWindow - Displaying image of 1 bytes
